<?xml version="1.0" encoding="UTF-8"?>
<testsuite name="NumbersTest" tests="1" skipped="0" failures="0" errors="0" timestamp="2023-02-02T16:16:55" hostname="LAPTOP-S0CKKHT9" time="1.95">
  <properties/>
  <testcase name="start" classname="NumbersTest" time="1.95"/>
  <system-out><![CDATA[?[1;31m
Start test 1?[0m
Welcome to Amazing Numbers!

Supported requests:
- enter a natural number to know its properties;
- enter two natural numbers to obtain the properties of the list:
  * the first parameter represents a starting number;
  * the second parameter shows how many consecutive numbers are to be processed;
- two natural numbers and properties to search for;
- separate the parameters with one space;
- enter 0 to exit.

Enter a request:> 0

?[1;31m
Start test 2?[0m
Welcome to Amazing Numbers!

Supported requests:
- enter a natural number to know its properties;
- enter two natural numbers to obtain the properties of the list:
  * the first parameter represents a starting number;
  * the second parameter shows how many consecutive numbers are to be processed;
- two natural numbers and properties to search for;
- separate the parameters with one space;
- enter 0 to exit.

Enter a request:> -5

The first parameter should be a natural number or zero.

Enter a request:> 0

?[1;31m
Start test 3?[0m
Welcome to Amazing Numbers!

Supported requests:
- enter a natural number to know its properties;
- enter two natural numbers to obtain the properties of the list:
  * the first parameter represents a starting number;
  * the second parameter shows how many consecutive numbers are to be processed;
- two natural numbers and properties to search for;
- separate the parameters with one space;
- enter 0 to exit.

Enter a request:> -97

The first parameter should be a natural number or zero.

Enter a request:> 0

?[1;31m
Start test 4?[0m
Welcome to Amazing Numbers!

Supported requests:
- enter a natural number to know its properties;
- enter two natural numbers to obtain the properties of the list:
  * the first parameter represents a starting number;
  * the second parameter shows how many consecutive numbers are to be processed;
- two natural numbers and properties to search for;
- separate the parameters with one space;
- enter 0 to exit.

Enter a request:> -110

The first parameter should be a natural number or zero.

Enter a request:> 0

?[1;31m
Start test 5?[0m
Welcome to Amazing Numbers!

Supported requests:
- enter a natural number to know its properties;
- enter two natural numbers to obtain the properties of the list:
  * the first parameter represents a starting number;
  * the second parameter shows how many consecutive numbers are to be processed;
- two natural numbers and properties to search for;
- separate the parameters with one space;
- enter 0 to exit.

Enter a request:> -53

The first parameter should be a natural number or zero.

Enter a request:> 0

?[1;31m
Start test 6?[0m
Welcome to Amazing Numbers!

Supported requests:
- enter a natural number to know its properties;
- enter two natural numbers to obtain the properties of the list:
  * the first parameter represents a starting number;
  * the second parameter shows how many consecutive numbers are to be processed;
- two natural numbers and properties to search for;
- separate the parameters with one space;
- enter 0 to exit.

Enter a request:> -12

The first parameter should be a natural number or zero.

Enter a request:> 0

?[1;31m
Start test 7?[0m
Welcome to Amazing Numbers!

Supported requests:
- enter a natural number to know its properties;
- enter two natural numbers to obtain the properties of the list:
  * the first parameter represents a starting number;
  * the second parameter shows how many consecutive numbers are to be processed;
- two natural numbers and properties to search for;
- separate the parameters with one space;
- enter 0 to exit.

Enter a request:> 5911 -30046

The second parameter should be a natural number.

Enter a request:> 0

?[1;31m
Start test 8?[0m
Welcome to Amazing Numbers!

Supported requests:
- enter a natural number to know its properties;
- enter two natural numbers to obtain the properties of the list:
  * the first parameter represents a starting number;
  * the second parameter shows how many consecutive numbers are to be processed;
- two natural numbers and properties to search for;
- separate the parameters with one space;
- enter 0 to exit.

Enter a request:> 17216 -9833

The second parameter should be a natural number.

Enter a request:> 0

?[1;31m
Start test 9?[0m
Welcome to Amazing Numbers!

Supported requests:
- enter a natural number to know its properties;
- enter two natural numbers to obtain the properties of the list:
  * the first parameter represents a starting number;
  * the second parameter shows how many consecutive numbers are to be processed;
- two natural numbers and properties to search for;
- separate the parameters with one space;
- enter 0 to exit.

Enter a request:> 14462 -4672

The second parameter should be a natural number.

Enter a request:> 0

?[1;31m
Start test 10?[0m
Welcome to Amazing Numbers!

Supported requests:
- enter a natural number to know its properties;
- enter two natural numbers to obtain the properties of the list:
  * the first parameter represents a starting number;
  * the second parameter shows how many consecutive numbers are to be processed;
- two natural numbers and properties to search for;
- separate the parameters with one space;
- enter 0 to exit.

Enter a request:> 24775 -28667

The second parameter should be a natural number.

Enter a request:> 0

?[1;31m
Start test 11?[0m
Welcome to Amazing Numbers!

Supported requests:
- enter a natural number to know its properties;
- enter two natural numbers to obtain the properties of the list:
  * the first parameter represents a starting number;
  * the second parameter shows how many consecutive numbers are to be processed;
- two natural numbers and properties to search for;
- separate the parameters with one space;
- enter 0 to exit.

Enter a request:> 19152 -26616

The second parameter should be a natural number.

Enter a request:> 0

?[1;31m
Start test 12?[0m
Welcome to Amazing Numbers!

Supported requests:
- enter a natural number to know its properties;
- enter two natural numbers to obtain the properties of the list:
  * the first parameter represents a starting number;
  * the second parameter shows how many consecutive numbers are to be processed;
- two natural numbers and properties to search for;
- separate the parameters with one space;
- enter 0 to exit.

Enter a request:> 31958 -6754

The second parameter should be a natural number.

Enter a request:> 0

?[1;31m
Start test 13?[0m
Welcome to Amazing Numbers!

Supported requests:
- enter a natural number to know its properties;
- enter two natural numbers to obtain the properties of the list:
  * the first parameter represents a starting number;
  * the second parameter shows how many consecutive numbers are to be processed;
- two natural numbers and properties to search for;
- separate the parameters with one space;
- enter 0 to exit.

Enter a request:> 8680 -13813

The second parameter should be a natural number.

Enter a request:> 0

?[1;31m
Start test 14?[0m
Welcome to Amazing Numbers!

Supported requests:
- enter a natural number to know its properties;
- enter two natural numbers to obtain the properties of the list:
  * the first parameter represents a starting number;
  * the second parameter shows how many consecutive numbers are to be processed;
- two natural numbers and properties to search for;
- separate the parameters with one space;
- enter 0 to exit.

Enter a request:> 30303 -23502

The second parameter should be a natural number.

Enter a request:> 0

?[1;31m
Start test 15?[0m
Welcome to Amazing Numbers!

Supported requests:
- enter a natural number to know its properties;
- enter two natural numbers to obtain the properties of the list:
  * the first parameter represents a starting number;
  * the second parameter shows how many consecutive numbers are to be processed;
- two natural numbers and properties to search for;
- separate the parameters with one space;
- enter 0 to exit.

Enter a request:> 8881 -15764

The second parameter should be a natural number.

Enter a request:> 0

?[1;31m
Start test 16?[0m
Welcome to Amazing Numbers!

Supported requests:
- enter a natural number to know its properties;
- enter two natural numbers to obtain the properties of the list:
  * the first parameter represents a starting number;
  * the second parameter shows how many consecutive numbers are to be processed;
- two natural numbers and properties to search for;
- separate the parameters with one space;
- enter 0 to exit.

Enter a request:> 12514 -24623

The second parameter should be a natural number.

Enter a request:> 0

?[1;31m
Start test 17?[0m
Welcome to Amazing Numbers!

Supported requests:
- enter a natural number to know its properties;
- enter two natural numbers to obtain the properties of the list:
  * the first parameter represents a starting number;
  * the second parameter shows how many consecutive numbers are to be processed;
- two natural numbers and properties to search for;
- separate the parameters with one space;
- enter 0 to exit.

Enter a request:> 1

Properties of 1
            buzz: false
            duck: false
     palindromic: true
          gapful: false
             spy: true
          square: true
           sunny: false
         jumping: true
            even: false
             odd: true

Enter a request:> 2

Properties of 2
            buzz: false
            duck: false
     palindromic: true
          gapful: false
             spy: true
          square: false
           sunny: false
         jumping: true
            even: true
             odd: false

Enter a request:> 3

Properties of 3
            buzz: false
            duck: false
     palindromic: true
          gapful: false
             spy: true
          square: false
           sunny: true
         jumping: true
            even: false
             odd: true

Enter a request:> 4

Properties of 4
            buzz: false
            duck: false
     palindromic: true
          gapful: false
             spy: true
          square: true
           sunny: false
         jumping: true
            even: true
             odd: false

Enter a request:> 5

Properties of 5
            buzz: false
            duck: false
     palindromic: true
          gapful: false
             spy: true
          square: false
           sunny: false
         jumping: true
            even: false
             odd: true

Enter a request:> 6

Properties of 6
            buzz: false
            duck: false
     palindromic: true
          gapful: false
             spy: true
          square: false
           sunny: false
         jumping: true
            even: true
             odd: false

Enter a request:> 7

Properties of 7
            buzz: true
            duck: false
     palindromic: true
          gapful: false
             spy: true
          square: false
           sunny: false
         jumping: true
            even: false
             odd: true

Enter a request:> 8

Properties of 8
            buzz: false
            duck: false
     palindromic: true
          gapful: false
             spy: true
          square: false
           sunny: true
         jumping: true
            even: true
             odd: false

Enter a request:> 9

Properties of 9
            buzz: false
            duck: false
     palindromic: true
          gapful: false
             spy: true
          square: true
           sunny: false
         jumping: true
            even: false
             odd: true

Enter a request:> 10

Properties of 10
            buzz: false
            duck: true
     palindromic: false
          gapful: false
             spy: false
          square: false
           sunny: false
         jumping: true
            even: true
             odd: false

Enter a request:> 11

Properties of 11
            buzz: false
            duck: false
     palindromic: true
          gapful: false
             spy: false
          square: false
           sunny: false
         jumping: false
            even: false
             odd: true

Enter a request:> 12

Properties of 12
            buzz: false
            duck: false
     palindromic: false
          gapful: false
             spy: false
          square: false
           sunny: false
         jumping: true
            even: true
             odd: false

Enter a request:> 13

Properties of 13
            buzz: false
            duck: false
     palindromic: false
          gapful: false
             spy: false
          square: false
           sunny: false
         jumping: false
            even: false
             odd: true

Enter a request:> 14

Properties of 14
            buzz: true
            duck: false
     palindromic: false
          gapful: false
             spy: false
          square: false
           sunny: false
         jumping: false
            even: true
             odd: false

Enter a request:> 4776938370211301579

Properties of 4,776,938,370,211,301,579
            buzz: false
            duck: true
     palindromic: false
          gapful: false
             spy: false
          square: false
           sunny: false
         jumping: false
            even: false
             odd: true

Enter a request:> 6289813182500698768

Properties of 6,289,813,182,500,698,768
            buzz: false
            duck: true
     palindromic: false
          gapful: false
             spy: false
          square: false
           sunny: false
         jumping: false
            even: true
             odd: false

Enter a request:> 8581719642636219462

Properties of 8,581,719,642,636,219,462
            buzz: false
            duck: false
     palindromic: false
          gapful: false
             spy: false
          square: false
           sunny: false
         jumping: false
            even: true
             odd: false

Enter a request:> 6389055780550451085

Properties of 6,389,055,780,550,451,085
            buzz: true
            duck: true
     palindromic: false
          gapful: false
             spy: false
          square: false
           sunny: false
         jumping: false
            even: false
             odd: true

Enter a request:> 4523559498827030264

Properties of 4,523,559,498,827,030,264
            buzz: false
            duck: true
     palindromic: false
          gapful: false
             spy: false
          square: false
           sunny: false
         jumping: false
            even: true
             odd: false

Enter a request:> 7999316822683553722

Properties of 7,999,316,822,683,553,722
            buzz: false
            duck: false
     palindromic: false
          gapful: false
             spy: false
          square: false
           sunny: false
         jumping: false
            even: true
             odd: false

Enter a request:> 8792811942928099569

Properties of 8,792,811,942,928,099,569
            buzz: true
            duck: true
     palindromic: false
          gapful: false
             spy: false
          square: false
           sunny: false
         jumping: false
            even: false
             odd: true

Enter a request:> 5935360859035916434

Properties of 5,935,360,859,035,916,434
            buzz: true
            duck: true
     palindromic: false
          gapful: false
             spy: false
          square: false
           sunny: false
         jumping: false
            even: true
             odd: false

Enter a request:> 1229414444595796579

Properties of 1,229,414,444,595,796,579
            buzz: false
            duck: false
     palindromic: false
          gapful: false
             spy: false
          square: false
           sunny: false
         jumping: false
            even: false
             odd: true

Enter a request:> 6490543371549049649

Properties of 6,490,543,371,549,049,649
            buzz: false
            duck: true
     palindromic: false
          gapful: false
             spy: false
          square: false
           sunny: false
         jumping: false
            even: false
             odd: true

Enter a request:> 0

?[1;31m
Start test 18?[0m
Welcome to Amazing Numbers!

Supported requests:
- enter a natural number to know its properties;
- enter two natural numbers to obtain the properties of the list:
  * the first parameter represents a starting number;
  * the second parameter shows how many consecutive numbers are to be processed;
- two natural numbers and properties to search for;
- separate the parameters with one space;
- enter 0 to exit.

Enter a request:> 1 15

               1 is palindromic, spy, square, jumping, odd
               2 is palindromic, spy, jumping, even
               3 is palindromic, spy, sunny, jumping, odd
               4 is palindromic, spy, square, jumping, even
               5 is palindromic, spy, jumping, odd
               6 is palindromic, spy, jumping, even
               7 is buzz, palindromic, spy, jumping, odd
               8 is palindromic, spy, sunny, jumping, even
               9 is palindromic, spy, square, jumping, odd
              10 is duck, jumping, even
              11 is palindromic, odd
              12 is jumping, even
              13 is odd
              14 is buzz, even
              15 is sunny, odd

Enter a request:> 0

?[1;31m
Start test 19?[0m
Welcome to Amazing Numbers!

Supported requests:
- enter a natural number to know its properties;
- enter two natural numbers to obtain the properties of the list:
  * the first parameter represents a starting number;
  * the second parameter shows how many consecutive numbers are to be processed;
- two natural numbers and properties to search for;
- separate the parameters with one space;
- enter 0 to exit.

Enter a request:> 1848439697311777094 6

1,848,439,697,311,777,094 is buzz, duck, gapful, even
1,848,439,697,311,777,095 is duck, gapful, odd
1,848,439,697,311,777,096 is duck, even
1,848,439,697,311,777,097 is buzz, duck, odd
1,848,439,697,311,777,098 is duck, even
1,848,439,697,311,777,099 is duck, odd

Enter a request:> 0

?[1;31m
Start test 20?[0m
Welcome to Amazing Numbers!

Supported requests:
- enter a natural number to know its properties;
- enter two natural numbers to obtain the properties of the list:
  * the first parameter represents a starting number;
  * the second parameter shows how many consecutive numbers are to be processed;
- two natural numbers and properties to search for;
- separate the parameters with one space;
- enter 0 to exit.

Enter a request:> 4982256387482079885 6

4,982,256,387,482,079,885 is duck, odd
4,982,256,387,482,079,886 is duck, even
4,982,256,387,482,079,887 is buzz, duck, odd
4,982,256,387,482,079,888 is buzz, duck, gapful, even
4,982,256,387,482,079,889 is duck, odd
4,982,256,387,482,079,890 is duck, even

Enter a request:> 0

?[1;31m
Start test 21?[0m
Welcome to Amazing Numbers!

Supported requests:
- enter a natural number to know its properties;
- enter two natural numbers to obtain the properties of the list:
  * the first parameter represents a starting number;
  * the second parameter shows how many consecutive numbers are to be processed;
- two natural numbers and properties to search for;
- separate the parameters with one space;
- enter 0 to exit.

Enter a request:> 5465992790467580597 18

5,465,992,790,467,580,597 is buzz, duck, odd
5,465,992,790,467,580,598 is duck, even
5,465,992,790,467,580,599 is duck, odd
5,465,992,790,467,580,600 is duck, gapful, even
5,465,992,790,467,580,601 is duck, odd
5,465,992,790,467,580,602 is buzz, duck, even
5,465,992,790,467,580,603 is duck, odd
5,465,992,790,467,580,604 is duck, even
5,465,992,790,467,580,605 is duck, odd
5,465,992,790,467,580,606 is duck, even
5,465,992,790,467,580,607 is buzz, duck, odd
5,465,992,790,467,580,608 is duck, even
5,465,992,790,467,580,609 is buzz, duck, odd
5,465,992,790,467,580,610 is duck, even
5,465,992,790,467,580,611 is duck, odd
5,465,992,790,467,580,612 is duck, even
5,465,992,790,467,580,613 is duck, odd
5,465,992,790,467,580,614 is duck, even

Enter a request:> 0

?[1;31m
Start test 22?[0m
Welcome to Amazing Numbers!

Supported requests:
- enter a natural number to know its properties;
- enter two natural numbers to obtain the properties of the list:
  * the first parameter represents a starting number;
  * the second parameter shows how many consecutive numbers are to be processed;
- two natural numbers and properties to search for;
- separate the parameters with one space;
- enter 0 to exit.

Enter a request:> 1368074385719861460 2

1,368,074,385,719,861,460 is duck, gapful, even
1,368,074,385,719,861,461 is duck, odd

Enter a request:> 0

?[1;31m
Start test 23?[0m
Welcome to Amazing Numbers!

Supported requests:
- enter a natural number to know its properties;
- enter two natural numbers to obtain the properties of the list:
  * the first parameter represents a starting number;
  * the second parameter shows how many consecutive numbers are to be processed;
- two natural numbers and properties to search for;
- separate the parameters with one space;
- enter 0 to exit.

Enter a request:> 357330383789574254 17

357,330,383,789,574,254 is duck, even
357,330,383,789,574,255 is duck, odd
357,330,383,789,574,256 is duck, even
357,330,383,789,574,257 is buzz, duck, odd
357,330,383,789,574,258 is buzz, duck, even
357,330,383,789,574,259 is duck, odd
357,330,383,789,574,260 is duck, even
357,330,383,789,574,261 is duck, odd
357,330,383,789,574,262 is duck, even
357,330,383,789,574,263 is duck, odd
357,330,383,789,574,264 is duck, gapful, even
357,330,383,789,574,265 is buzz, duck, gapful, odd
357,330,383,789,574,266 is duck, even
357,330,383,789,574,267 is buzz, duck, odd
357,330,383,789,574,268 is duck, even
357,330,383,789,574,269 is duck, odd
357,330,383,789,574,270 is duck, gapful, even

Enter a request:> 0

?[1;31m
Start test 24?[0m
Welcome to Amazing Numbers!

Supported requests:
- enter a natural number to know its properties;
- enter two natural numbers to obtain the properties of the list:
  * the first parameter represents a starting number;
  * the second parameter shows how many consecutive numbers are to be processed;
- two natural numbers and properties to search for;
- separate the parameters with one space;
- enter 0 to exit.

Enter a request:> 431749866902240431 3

431,749,866,902,240,431 is duck, odd
431,749,866,902,240,432 is buzz, duck, even
431,749,866,902,240,433 is duck, odd

Enter a request:> 0

?[1;31m
Start test 25?[0m
Welcome to Amazing Numbers!

Supported requests:
- enter a natural number to know its properties;
- enter two natural numbers to obtain the properties of the list:
  * the first parameter represents a starting number;
  * the second parameter shows how many consecutive numbers are to be processed;
- two natural numbers and properties to search for;
- separate the parameters with one space;
- enter 0 to exit.

Enter a request:> 3034519199936013262 1

3,034,519,199,936,013,262 is duck, even

Enter a request:> 0

?[1;31m
Start test 26?[0m
Welcome to Amazing Numbers!

Supported requests:
- enter a natural number to know its properties;
- enter two natural numbers to obtain the properties of the list:
  * the first parameter represents a starting number;
  * the second parameter shows how many consecutive numbers are to be processed;
- two natural numbers and properties to search for;
- separate the parameters with one space;
- enter 0 to exit.

Enter a request:> 2154455931659655156 12

2,154,455,931,659,655,156 is gapful, even
2,154,455,931,659,655,157 is buzz, odd
2,154,455,931,659,655,158 is even
2,154,455,931,659,655,159 is odd
2,154,455,931,659,655,160 is duck, gapful, even
2,154,455,931,659,655,161 is odd
2,154,455,931,659,655,162 is buzz, gapful, even
2,154,455,931,659,655,163 is odd
2,154,455,931,659,655,164 is even
2,154,455,931,659,655,165 is odd
2,154,455,931,659,655,166 is even
2,154,455,931,659,655,167 is buzz, odd

Enter a request:> 0

?[1;31m
Start test 27?[0m
Welcome to Amazing Numbers!

Supported requests:
- enter a natural number to know its properties;
- enter two natural numbers to obtain the properties of the list:
  * the first parameter represents a starting number;
  * the second parameter shows how many consecutive numbers are to be processed;
- two natural numbers and properties to search for;
- separate the parameters with one space;
- enter 0 to exit.

Enter a request:> 1847165707335643102 16

1,847,165,707,335,643,102 is duck, even
1,847,165,707,335,643,103 is duck, odd
1,847,165,707,335,643,104 is duck, even
1,847,165,707,335,643,105 is duck, odd
1,847,165,707,335,643,106 is duck, even
1,847,165,707,335,643,107 is buzz, duck, odd
1,847,165,707,335,643,108 is duck, even
1,847,165,707,335,643,109 is duck, odd
1,847,165,707,335,643,110 is duck, gapful, even
1,847,165,707,335,643,111 is duck, odd
1,847,165,707,335,643,112 is duck, even
1,847,165,707,335,643,113 is duck, odd
1,847,165,707,335,643,114 is buzz, duck, gapful, even
1,847,165,707,335,643,115 is duck, odd
1,847,165,707,335,643,116 is duck, even
1,847,165,707,335,643,117 is buzz, duck, odd

Enter a request:> 0

?[1;31m
Start test 28?[0m
Welcome to Amazing Numbers!

Supported requests:
- enter a natural number to know its properties;
- enter two natural numbers to obtain the properties of the list:
  * the first parameter represents a starting number;
  * the second parameter shows how many consecutive numbers are to be processed;
- two natural numbers and properties to search for;
- separate the parameters with one space;
- enter 0 to exit.

Enter a request:> 3250889501697162214 14

3,250,889,501,697,162,214 is duck, even
3,250,889,501,697,162,215 is duck, odd
3,250,889,501,697,162,216 is duck, gapful, even
3,250,889,501,697,162,217 is buzz, duck, odd
3,250,889,501,697,162,218 is duck, even
3,250,889,501,697,162,219 is duck, odd
3,250,889,501,697,162,220 is buzz, duck, even
3,250,889,501,697,162,221 is duck, odd
3,250,889,501,697,162,222 is duck, even
3,250,889,501,697,162,223 is duck, odd
3,250,889,501,697,162,224 is duck, even
3,250,889,501,697,162,225 is duck, odd
3,250,889,501,697,162,226 is duck, even
3,250,889,501,697,162,227 is buzz, duck, odd

Enter a request:> 0

?[1;31m
Start test 29?[0m
Welcome to Amazing Numbers!

Supported requests:
- enter a natural number to know its properties;
- enter two natural numbers to obtain the properties of the list:
  * the first parameter represents a starting number;
  * the second parameter shows how many consecutive numbers are to be processed;
- two natural numbers and properties to search for;
- separate the parameters with one space;
- enter 0 to exit.

Enter a request:> 1 10 May

The property [MAY] is wrong.
Available properties: [EVEN, ODD, BUZZ, DUCK, PALINDROMIC, GAPFUL, SPY, SQUARE, SUNNY, JUMPING]

Enter a request:> 0

?[1;31m
Start test 30?[0m
Welcome to Amazing Numbers!

Supported requests:
- enter a natural number to know its properties;
- enter two natural numbers to obtain the properties of the list:
  * the first parameter represents a starting number;
  * the second parameter shows how many consecutive numbers are to be processed;
- two natural numbers and properties to search for;
- separate the parameters with one space;
- enter 0 to exit.

Enter a request:> 40 2 bay

The property [BAY] is wrong.
Available properties: [EVEN, ODD, BUZZ, DUCK, PALINDROMIC, GAPFUL, SPY, SQUARE, SUNNY, JUMPING]

Enter a request:> 0

?[1;31m
Start test 31?[0m
Welcome to Amazing Numbers!

Supported requests:
- enter a natural number to know its properties;
- enter two natural numbers to obtain the properties of the list:
  * the first parameter represents a starting number;
  * the second parameter shows how many consecutive numbers are to be processed;
- two natural numbers and properties to search for;
- separate the parameters with one space;
- enter 0 to exit.

Enter a request:> 37 4 8

The property [8] is wrong.
Available properties: [EVEN, ODD, BUZZ, DUCK, PALINDROMIC, GAPFUL, SPY, SQUARE, SUNNY, JUMPING]

Enter a request:> 0

?[1;31m
Start test 32?[0m
Welcome to Amazing Numbers!

Supported requests:
- enter a natural number to know its properties;
- enter two natural numbers to obtain the properties of the list:
  * the first parameter represents a starting number;
  * the second parameter shows how many consecutive numbers are to be processed;
- two natural numbers and properties to search for;
- separate the parameters with one space;
- enter 0 to exit.

Enter a request:> 67 2 day

The property [DAY] is wrong.
Available properties: [EVEN, ODD, BUZZ, DUCK, PALINDROMIC, GAPFUL, SPY, SQUARE, SUNNY, JUMPING]

Enter a request:> 0

?[1;31m
Start test 33?[0m
Welcome to Amazing Numbers!

Supported requests:
- enter a natural number to know its properties;
- enter two natural numbers to obtain the properties of the list:
  * the first parameter represents a starting number;
  * the second parameter shows how many consecutive numbers are to be processed;
- two natural numbers and properties to search for;
- separate the parameters with one space;
- enter 0 to exit.

Enter a request:> 2 54 Prime

The property [PRIME] is wrong.
Available properties: [EVEN, ODD, BUZZ, DUCK, PALINDROMIC, GAPFUL, SPY, SQUARE, SUNNY, JUMPING]

Enter a request:> 0

?[1;31m
Start test 34?[0m
Welcome to Amazing Numbers!

Supported requests:
- enter a natural number to know its properties;
- enter two natural numbers to obtain the properties of the list:
  * the first parameter represents a starting number;
  * the second parameter shows how many consecutive numbers are to be processed;
- two natural numbers and properties to search for;
- separate the parameters with one space;
- enter 0 to exit.

Enter a request:> 6 8 ...

The property [...] is wrong.
Available properties: [EVEN, ODD, BUZZ, DUCK, PALINDROMIC, GAPFUL, SPY, SQUARE, SUNNY, JUMPING]

Enter a request:> 0

?[1;31m
Start test 35?[0m
Welcome to Amazing Numbers!

Supported requests:
- enter a natural number to know its properties;
- enter two natural numbers to obtain the properties of the list:
  * the first parameter represents a starting number;
  * the second parameter shows how many consecutive numbers are to be processed;
- two natural numbers and properties to search for;
- separate the parameters with one space;
- enter 0 to exit.

Enter a request:> 5 9 none

The property [NONE] is wrong.
Available properties: [EVEN, ODD, BUZZ, DUCK, PALINDROMIC, GAPFUL, SPY, SQUARE, SUNNY, JUMPING]

Enter a request:> 0

?[1;31m
Start test 36?[0m
Welcome to Amazing Numbers!

Supported requests:
- enter a natural number to know its properties;
- enter two natural numbers to obtain the properties of the list:
  * the first parameter represents a starting number;
  * the second parameter shows how many consecutive numbers are to be processed;
- two natural numbers and properties to search for;
- separate the parameters with one space;
- enter 0 to exit.

Enter a request:> 1 10 BUZZ

               7 is buzz, palindromic, spy, jumping, odd
              14 is buzz, even
              17 is buzz, odd
              21 is buzz, jumping, odd
              27 is buzz, odd
              28 is buzz, even
              35 is buzz, sunny, odd
              37 is buzz, odd
              42 is buzz, even
              47 is buzz, odd

Enter a request:> 1 10 DUCK

              10 is duck, jumping, even
              20 is duck, even
              30 is duck, even
              40 is duck, even
              50 is duck, even
              60 is duck, even
              70 is buzz, duck, even
              80 is duck, sunny, even
              90 is duck, even
             100 is duck, gapful, square, even

Enter a request:> 1 10 PALINDROMIC

               1 is palindromic, spy, square, jumping, odd
               2 is palindromic, spy, jumping, even
               3 is palindromic, spy, sunny, jumping, odd
               4 is palindromic, spy, square, jumping, even
               5 is palindromic, spy, jumping, odd
               6 is palindromic, spy, jumping, even
               7 is buzz, palindromic, spy, jumping, odd
               8 is palindromic, spy, sunny, jumping, even
               9 is palindromic, spy, square, jumping, odd
              11 is palindromic, odd

Enter a request:> 1 10 GAPFUL

             100 is duck, gapful, square, even
             105 is buzz, duck, gapful, odd
             108 is duck, gapful, even
             110 is duck, gapful, even
             120 is duck, gapful, sunny, even
             121 is palindromic, gapful, square, jumping, odd
             130 is duck, gapful, even
             132 is gapful, spy, even
             135 is gapful, odd
             140 is buzz, duck, gapful, even

Enter a request:> 1 10 SPY

               1 is palindromic, spy, square, jumping, odd
               2 is palindromic, spy, jumping, even
               3 is palindromic, spy, sunny, jumping, odd
               4 is palindromic, spy, square, jumping, even
               5 is palindromic, spy, jumping, odd
               6 is palindromic, spy, jumping, even
               7 is buzz, palindromic, spy, jumping, odd
               8 is palindromic, spy, sunny, jumping, even
               9 is palindromic, spy, square, jumping, odd
              22 is palindromic, spy, even

Enter a request:> 1 10 SQUARE

               1 is palindromic, spy, square, jumping, odd
               4 is palindromic, spy, square, jumping, even
               9 is palindromic, spy, square, jumping, odd
              16 is square, even
              25 is square, odd
              36 is square, even
              49 is buzz, square, odd
              64 is square, even
              81 is square, odd
             100 is duck, gapful, square, even

Enter a request:> 1 10 SUNNY

               3 is palindromic, spy, sunny, jumping, odd
               8 is palindromic, spy, sunny, jumping, even
              15 is sunny, odd
              24 is sunny, even
              35 is buzz, sunny, odd
              48 is sunny, even
              63 is buzz, sunny, odd
              80 is duck, sunny, even
              99 is palindromic, sunny, odd
             120 is duck, gapful, sunny, even

Enter a request:> 1 10 JUMPING

               1 is palindromic, spy, square, jumping, odd
               2 is palindromic, spy, jumping, even
               3 is palindromic, spy, sunny, jumping, odd
               4 is palindromic, spy, square, jumping, even
               5 is palindromic, spy, jumping, odd
               6 is palindromic, spy, jumping, even
               7 is buzz, palindromic, spy, jumping, odd
               8 is palindromic, spy, sunny, jumping, even
               9 is palindromic, spy, square, jumping, odd
              10 is duck, jumping, even

Enter a request:> 1 10 EVEN

               2 is palindromic, spy, jumping, even
               4 is palindromic, spy, square, jumping, even
               6 is palindromic, spy, jumping, even
               8 is palindromic, spy, sunny, jumping, even
              10 is duck, jumping, even
              12 is jumping, even
              14 is buzz, even
              16 is square, even
              18 is even
              20 is duck, even

Enter a request:> 1 10 ODD

               1 is palindromic, spy, square, jumping, odd
               3 is palindromic, spy, sunny, jumping, odd
               5 is palindromic, spy, jumping, odd
               7 is buzz, palindromic, spy, jumping, odd
               9 is palindromic, spy, square, jumping, odd
              11 is palindromic, odd
              13 is odd
              15 is sunny, odd
              17 is buzz, odd
              19 is odd

Enter a request:> 0

?[1;31m
Start test 37?[0m
Welcome to Amazing Numbers!

Supported requests:
- enter a natural number to know its properties;
- enter two natural numbers to obtain the properties of the list:
  * the first parameter represents a starting number;
  * the second parameter shows how many consecutive numbers are to be processed;
- two natural numbers and properties to search for;
- separate the parameters with one space;
- enter 0 to exit.

Enter a request:> 23517 20 PALINDROMIC

          23,532 is palindromic, even
          23,632 is buzz, palindromic, even
          23,732 is palindromic, even
          23,832 is palindromic, even
          23,932 is palindromic, even
          24,042 is duck, palindromic, even
          24,142 is palindromic, even
          24,242 is palindromic, even
          24,342 is palindromic, even
          24,442 is palindromic, gapful, even
          24,542 is buzz, palindromic, even
          24,642 is palindromic, even
          24,742 is palindromic, even
          24,842 is palindromic, even
          24,942 is palindromic, even
          25,052 is duck, palindromic, even
          25,152 is palindromic, even
          25,252 is palindromic, even
          25,352 is palindromic, even
          25,452 is buzz, palindromic, even

Enter a request:> 0

?[1;31m
Start test 38?[0m
Welcome to Amazing Numbers!

Supported requests:
- enter a natural number to know its properties;
- enter two natural numbers to obtain the properties of the list:
  * the first parameter represents a starting number;
  * the second parameter shows how many consecutive numbers are to be processed;
- two natural numbers and properties to search for;
- separate the parameters with one space;
- enter 0 to exit.

Enter a request:> 26639 1 PALINDROMIC

          26,662 is palindromic, even

Enter a request:> 0

?[1;31m
Start test 39?[0m
Welcome to Amazing Numbers!

Supported requests:
- enter a natural number to know its properties;
- enter two natural numbers to obtain the properties of the list:
  * the first parameter represents a starting number;
  * the second parameter shows how many consecutive numbers are to be processed;
- two natural numbers and properties to search for;
- separate the parameters with one space;
- enter 0 to exit.

Enter a request:> 16118 7 SPY

          21,115 is spy, odd
          21,122 is spy, even
          21,151 is spy, odd
          21,212 is palindromic, spy, jumping, even
          21,221 is spy, odd
          21,511 is buzz, spy, odd
          22,112 is spy, even

Enter a request:> 0

?[1;31m
Start test 40?[0m
Welcome to Amazing Numbers!

Supported requests:
- enter a natural number to know its properties;
- enter two natural numbers to obtain the properties of the list:
  * the first parameter represents a starting number;
  * the second parameter shows how many consecutive numbers are to be processed;
- two natural numbers and properties to search for;
- separate the parameters with one space;
- enter 0 to exit.

Enter a request:> 28408 15 BUZZ

          28,413 is buzz, odd
          28,417 is buzz, odd
          28,420 is buzz, duck, gapful, even
          28,427 is buzz, odd
          28,434 is buzz, even
          28,437 is buzz, odd
          28,441 is buzz, odd
          28,447 is buzz, odd
          28,448 is buzz, gapful, even
          28,455 is buzz, odd
          28,457 is buzz, odd
          28,462 is buzz, even
          28,467 is buzz, odd
          28,469 is buzz, odd
          28,476 is buzz, even

Enter a request:> 0

?[1;31m
Start test 41?[0m
Welcome to Amazing Numbers!

Supported requests:
- enter a natural number to know its properties;
- enter two natural numbers to obtain the properties of the list:
  * the first parameter represents a starting number;
  * the second parameter shows how many consecutive numbers are to be processed;
- two natural numbers and properties to search for;
- separate the parameters with one space;
- enter 0 to exit.

Enter a request:> 15307 5 SUNNY

          15,375 is gapful, sunny, odd
          15,624 is buzz, gapful, sunny, even
          15,875 is sunny, odd
          16,128 is buzz, gapful, sunny, even
          16,383 is sunny, odd

Enter a request:> 0

?[1;31m
Start test 42?[0m
Welcome to Amazing Numbers!

Supported requests:
- enter a natural number to know its properties;
- enter two natural numbers to obtain the properties of the list:
  * the first parameter represents a starting number;
  * the second parameter shows how many consecutive numbers are to be processed;
- two natural numbers and properties to search for;
- separate the parameters with one space;
- enter 0 to exit.

Enter a request:> 27092 7 DUCK

          27,092 is duck, even
          27,093 is duck, odd
          27,094 is duck, even
          27,095 is duck, odd
          27,096 is duck, even
          27,097 is buzz, duck, odd
          27,098 is duck, even

Enter a request:> 0

?[1;31m
Start test 43?[0m
Welcome to Amazing Numbers!

Supported requests:
- enter a natural number to know its properties;
- enter two natural numbers to obtain the properties of the list:
  * the first parameter represents a starting number;
  * the second parameter shows how many consecutive numbers are to be processed;
- two natural numbers and properties to search for;
- separate the parameters with one space;
- enter 0 to exit.

Enter a request:> 3810 12 SQUARE

           3,844 is square, even
           3,969 is buzz, square, odd
           4,096 is duck, square, even
           4,225 is square, odd
           4,356 is square, even
           4,489 is square, odd
           4,624 is square, even
           4,761 is square, odd
           4,900 is buzz, duck, square, even
           5,041 is duck, square, odd
           5,184 is gapful, square, even
           5,329 is square, odd

Enter a request:> 0

?[1;31m
Start test 44?[0m
Welcome to Amazing Numbers!

Supported requests:
- enter a natural number to know its properties;
- enter two natural numbers to obtain the properties of the list:
  * the first parameter represents a starting number;
  * the second parameter shows how many consecutive numbers are to be processed;
- two natural numbers and properties to search for;
- separate the parameters with one space;
- enter 0 to exit.

Enter a request:> 27281 1 SPY

          31,113 is palindromic, spy, odd

Enter a request:> 0

?[1;31m
Start test 45?[0m
Welcome to Amazing Numbers!

Supported requests:
- enter a natural number to know its properties;
- enter two natural numbers to obtain the properties of the list:
  * the first parameter represents a starting number;
  * the second parameter shows how many consecutive numbers are to be processed;
- two natural numbers and properties to search for;
- separate the parameters with one space;
- enter 0 to exit.

Enter a request:> 10340 15 SUNNY

          10,403 is duck, sunny, odd
          10,608 is duck, sunny, even
          10,815 is buzz, duck, gapful, sunny, odd
          11,024 is duck, sunny, even
          11,235 is buzz, gapful, sunny, odd
          11,448 is gapful, sunny, even
          11,663 is sunny, odd
          11,880 is duck, gapful, sunny, even
          12,099 is duck, sunny, odd
          12,320 is buzz, duck, gapful, sunny, even
          12,543 is sunny, odd
          12,768 is buzz, sunny, even
          12,995 is sunny, odd
          13,224 is sunny, even
          13,455 is gapful, sunny, odd

Enter a request:> 0

?[1;31m
Start test 46?[0m
Welcome to Amazing Numbers!

Supported requests:
- enter a natural number to know its properties;
- enter two natural numbers to obtain the properties of the list:
  * the first parameter represents a starting number;
  * the second parameter shows how many consecutive numbers are to be processed;
- two natural numbers and properties to search for;
- separate the parameters with one space;
- enter 0 to exit.

Enter a request:> 19360 6 DUCK

          19,360 is duck, gapful, even
          19,370 is duck, gapful, even
          19,380 is duck, gapful, even
          19,390 is buzz, duck, gapful, even
          19,400 is duck, gapful, even
          19,401 is duck, odd

Enter a request:> 0

?[1;31m
Start test 47?[0m
Welcome to Amazing Numbers!

Supported requests:
- enter a natural number to know its properties;
- enter two natural numbers to obtain the properties of the list:
  * the first parameter represents a starting number;
  * the second parameter shows how many consecutive numbers are to be processed;
- two natural numbers and properties to search for;
- separate the parameters with one space;
- enter 0 to exit.

Enter a request:> 1 10 odd girl

The property [GIRL] is wrong.
Available properties: [EVEN, ODD, BUZZ, DUCK, PALINDROMIC, GAPFUL, SPY, SQUARE, SUNNY, JUMPING]

Enter a request:> 0

?[1;31m
Start test 48?[0m
Welcome to Amazing Numbers!

Supported requests:
- enter a natural number to know its properties;
- enter two natural numbers to obtain the properties of the list:
  * the first parameter represents a starting number;
  * the second parameter shows how many consecutive numbers are to be processed;
- two natural numbers and properties to search for;
- separate the parameters with one space;
- enter 0 to exit.

Enter a request:> 40 2 even day

The property [DAY] is wrong.
Available properties: [EVEN, ODD, BUZZ, DUCK, PALINDROMIC, GAPFUL, SPY, SQUARE, SUNNY, JUMPING]

Enter a request:> 0

?[1;31m
Start test 49?[0m
Welcome to Amazing Numbers!

Supported requests:
- enter a natural number to know its properties;
- enter two natural numbers to obtain the properties of the list:
  * the first parameter represents a starting number;
  * the second parameter shows how many consecutive numbers are to be processed;
- two natural numbers and properties to search for;
- separate the parameters with one space;
- enter 0 to exit.

Enter a request:> 37 4 spy 89

The property [89] is wrong.
Available properties: [EVEN, ODD, BUZZ, DUCK, PALINDROMIC, GAPFUL, SPY, SQUARE, SUNNY, JUMPING]

Enter a request:> 0

?[1;31m
Start test 50?[0m
Welcome to Amazing Numbers!

Supported requests:
- enter a natural number to know its properties;
- enter two natural numbers to obtain the properties of the list:
  * the first parameter represents a starting number;
  * the second parameter shows how many consecutive numbers are to be processed;
- two natural numbers and properties to search for;
- separate the parameters with one space;
- enter 0 to exit.

Enter a request:> 67 2 DUCK +

The property [+] is wrong.
Available properties: [EVEN, ODD, BUZZ, DUCK, PALINDROMIC, GAPFUL, SPY, SQUARE, SUNNY, JUMPING]

Enter a request:> 0

?[1;31m
Start test 51?[0m
Welcome to Amazing Numbers!

Supported requests:
- enter a natural number to know its properties;
- enter two natural numbers to obtain the properties of the list:
  * the first parameter represents a starting number;
  * the second parameter shows how many consecutive numbers are to be processed;
- two natural numbers and properties to search for;
- separate the parameters with one space;
- enter 0 to exit.

Enter a request:> 1 10 boy friend

The properties [BOY, FRIEND] are wrong.
Available properties: [EVEN, ODD, BUZZ, DUCK, PALINDROMIC, GAPFUL, SPY, SQUARE, SUNNY, JUMPING]

Enter a request:> 0

?[1;31m
Start test 52?[0m
Welcome to Amazing Numbers!

Supported requests:
- enter a natural number to know its properties;
- enter two natural numbers to obtain the properties of the list:
  * the first parameter represents a starting number;
  * the second parameter shows how many consecutive numbers are to be processed;
- two natural numbers and properties to search for;
- separate the parameters with one space;
- enter 0 to exit.

Enter a request:> 40 2 long day

The properties [LONG, DAY] are wrong.
Available properties: [EVEN, ODD, BUZZ, DUCK, PALINDROMIC, GAPFUL, SPY, SQUARE, SUNNY, JUMPING]

Enter a request:> 0

?[1;31m
Start test 53?[0m
Welcome to Amazing Numbers!

Supported requests:
- enter a natural number to know its properties;
- enter two natural numbers to obtain the properties of the list:
  * the first parameter represents a starting number;
  * the second parameter shows how many consecutive numbers are to be processed;
- two natural numbers and properties to search for;
- separate the parameters with one space;
- enter 0 to exit.

Enter a request:> 37 4 hot girl

The properties [HOT, GIRL] are wrong.
Available properties: [EVEN, ODD, BUZZ, DUCK, PALINDROMIC, GAPFUL, SPY, SQUARE, SUNNY, JUMPING]

Enter a request:> 0

?[1;31m
Start test 54?[0m
Welcome to Amazing Numbers!

Supported requests:
- enter a natural number to know its properties;
- enter two natural numbers to obtain the properties of the list:
  * the first parameter represents a starting number;
  * the second parameter shows how many consecutive numbers are to be processed;
- two natural numbers and properties to search for;
- separate the parameters with one space;
- enter 0 to exit.

Enter a request:> 67 2 strong drake

The properties [STRONG, DRAKE] are wrong.
Available properties: [EVEN, ODD, BUZZ, DUCK, PALINDROMIC, GAPFUL, SPY, SQUARE, SUNNY, JUMPING]

Enter a request:> 0

?[1;31m
Start test 55?[0m
Welcome to Amazing Numbers!

Supported requests:
- enter a natural number to know its properties;
- enter two natural numbers to obtain the properties of the list:
  * the first parameter represents a starting number;
  * the second parameter shows how many consecutive numbers are to be processed;
- two natural numbers and properties to search for;
- separate the parameters with one space;
- enter 0 to exit.

Enter a request:> 1 7 odd spy palindromic

               1 is palindromic, spy, square, jumping, odd
               3 is palindromic, spy, sunny, jumping, odd
               5 is palindromic, spy, jumping, odd
               7 is buzz, palindromic, spy, jumping, odd
               9 is palindromic, spy, square, jumping, odd
          12,221 is palindromic, gapful, spy, odd
          13,131 is palindromic, spy, odd

Enter a request:> 0

?[1;31m
Start test 56?[0m
Welcome to Amazing Numbers!

Supported requests:
- enter a natural number to know its properties;
- enter two natural numbers to obtain the properties of the list:
  * the first parameter represents a starting number;
  * the second parameter shows how many consecutive numbers are to be processed;
- two natural numbers and properties to search for;
- separate the parameters with one space;
- enter 0 to exit.

Enter a request:> 1 10 even palindromic duck buzz

           2,002 is buzz, duck, palindromic, gapful, even
           4,004 is buzz, duck, palindromic, gapful, even
           6,006 is buzz, duck, palindromic, gapful, even
           8,008 is buzz, duck, palindromic, gapful, even
          20,202 is buzz, duck, palindromic, even
          20,902 is buzz, duck, palindromic, even
          22,022 is buzz, duck, palindromic, gapful, even
          29,092 is buzz, duck, palindromic, even
          40,404 is buzz, duck, palindromic, even
          44,044 is buzz, duck, palindromic, gapful, even

Enter a request:> 0

?[1;31m
Start test 57?[0m
Welcome to Amazing Numbers!

Supported requests:
- enter a natural number to know its properties;
- enter two natural numbers to obtain the properties of the list:
  * the first parameter represents a starting number;
  * the second parameter shows how many consecutive numbers are to be processed;
- two natural numbers and properties to search for;
- separate the parameters with one space;
- enter 0 to exit.

Enter a request:> 1 9 even palindromic duck buzz gapful

           2,002 is buzz, duck, palindromic, gapful, even
           4,004 is buzz, duck, palindromic, gapful, even
           6,006 is buzz, duck, palindromic, gapful, even
           8,008 is buzz, duck, palindromic, gapful, even
          22,022 is buzz, duck, palindromic, gapful, even
          44,044 is buzz, duck, palindromic, gapful, even
          66,066 is buzz, duck, palindromic, gapful, even
          88,088 is buzz, duck, palindromic, gapful, even
         202,202 is buzz, duck, palindromic, gapful, even

Enter a request:> 0

?[1;31m
Start test 58?[0m
Welcome to Amazing Numbers!

Supported requests:
- enter a natural number to know its properties;
- enter two natural numbers to obtain the properties of the list:
  * the first parameter represents a starting number;
  * the second parameter shows how many consecutive numbers are to be processed;
- two natural numbers and properties to search for;
- separate the parameters with one space;
- enter 0 to exit.

Enter a request:> 1 10 even sunny duck buzz gapful

           1,680 is buzz, duck, gapful, sunny, even
           4,760 is buzz, duck, gapful, sunny, even
           9,408 is buzz, duck, gapful, sunny, even
          12,320 is buzz, duck, gapful, sunny, even
          19,320 is buzz, duck, gapful, sunny, even
          19,880 is buzz, duck, gapful, sunny, even
          23,408 is buzz, duck, gapful, sunny, even
          24,024 is buzz, duck, gapful, sunny, even
          28,560 is buzz, duck, gapful, sunny, even
          32,760 is buzz, duck, gapful, sunny, even

Enter a request:> 0

?[1;31m
Start test 59?[0m
Welcome to Amazing Numbers!

Supported requests:
- enter a natural number to know its properties;
- enter two natural numbers to obtain the properties of the list:
  * the first parameter represents a starting number;
  * the second parameter shows how many consecutive numbers are to be processed;
- two natural numbers and properties to search for;
- separate the parameters with one space;
- enter 0 to exit.

Enter a request:> 100000 2 even spy buzz gapful

         111,216 is buzz, gapful, spy, even
         161,112 is buzz, gapful, spy, even

Enter a request:> 0

?[1;31m
Start test 60?[0m
Welcome to Amazing Numbers!

Supported requests:
- enter a natural number to know its properties;
- enter two natural numbers to obtain the properties of the list:
  * the first parameter represents a starting number;
  * the second parameter shows how many consecutive numbers are to be processed;
- two natural numbers and properties to search for;
- separate the parameters with one space;
- enter 0 to exit.

Enter a request:> 100 4 odd spy gapful

             231 is buzz, gapful, spy, odd
          12,221 is palindromic, gapful, spy, odd
         216,111 is buzz, gapful, spy, odd
       1,111,341 is buzz, gapful, spy, odd

Enter a request:> 0

?[1;31m
Start test 61?[0m
Welcome to Amazing Numbers!

Supported requests:
- enter a natural number to know its properties;
- enter two natural numbers to obtain the properties of the list:
  * the first parameter represents a starting number;
  * the second parameter shows how many consecutive numbers are to be processed;
- two natural numbers and properties to search for;
- separate the parameters with one space;
- enter 0 to exit.

Enter a request:> 2000 4 even palindromic duck

           2,002 is buzz, duck, palindromic, gapful, even
           4,004 is buzz, duck, palindromic, gapful, even
           6,006 is buzz, duck, palindromic, gapful, even
           8,008 is buzz, duck, palindromic, gapful, even

Enter a request:> 0

?[1;31m
Start test 62?[0m
Welcome to Amazing Numbers!

Supported requests:
- enter a natural number to know its properties;
- enter two natural numbers to obtain the properties of the list:
  * the first parameter represents a starting number;
  * the second parameter shows how many consecutive numbers are to be processed;
- two natural numbers and properties to search for;
- separate the parameters with one space;
- enter 0 to exit.

Enter a request:> 1 7 even spy

               2 is palindromic, spy, jumping, even
               4 is palindromic, spy, square, jumping, even
               6 is palindromic, spy, jumping, even
               8 is palindromic, spy, sunny, jumping, even
              22 is palindromic, spy, even
             132 is gapful, spy, even
             312 is spy, even

Enter a request:> 0

?[1;31m
Start test 63?[0m
Welcome to Amazing Numbers!

Supported requests:
- enter a natural number to know its properties;
- enter two natural numbers to obtain the properties of the list:
  * the first parameter represents a starting number;
  * the second parameter shows how many consecutive numbers are to be processed;
- two natural numbers and properties to search for;
- separate the parameters with one space;
- enter 0 to exit.

Enter a request:> 1 10 odd buzz

               7 is buzz, palindromic, spy, jumping, odd
              17 is buzz, odd
              21 is buzz, jumping, odd
              27 is buzz, odd
              35 is buzz, sunny, odd
              37 is buzz, odd
              47 is buzz, odd
              49 is buzz, square, odd
              57 is buzz, odd
              63 is buzz, sunny, odd

Enter a request:> 0

?[1;31m
Start test 64?[0m
Welcome to Amazing Numbers!

Supported requests:
- enter a natural number to know its properties;
- enter two natural numbers to obtain the properties of the list:
  * the first parameter represents a starting number;
  * the second parameter shows how many consecutive numbers are to be processed;
- two natural numbers and properties to search for;
- separate the parameters with one space;
- enter 0 to exit.

Enter a request:> 1 9 buzz gapful

             105 is buzz, duck, gapful, odd
             140 is buzz, duck, gapful, even
             154 is buzz, gapful, even
             187 is buzz, gapful, odd
             231 is buzz, gapful, spy, odd
             280 is buzz, duck, gapful, even
             297 is buzz, gapful, odd
             315 is buzz, gapful, odd
             385 is buzz, gapful, odd

Enter a request:> 0

?[1;31m
Start test 65?[0m
Welcome to Amazing Numbers!

Supported requests:
- enter a natural number to know its properties;
- enter two natural numbers to obtain the properties of the list:
  * the first parameter represents a starting number;
  * the second parameter shows how many consecutive numbers are to be processed;
- two natural numbers and properties to search for;
- separate the parameters with one space;
- enter 0 to exit.

Enter a request:> 1 10 spy buzz

               7 is buzz, palindromic, spy, jumping, odd
             231 is buzz, gapful, spy, odd
           1,421 is buzz, spy, odd
           2,114 is buzz, spy, even
          15,211 is buzz, spy, odd
          21,511 is buzz, spy, odd
          22,211 is buzz, spy, odd
          31,311 is buzz, spy, odd
          51,121 is buzz, spy, odd
         111,216 is buzz, gapful, spy, even

Enter a request:> 0

?[1;31m
Start test 66?[0m
Welcome to Amazing Numbers!

Supported requests:
- enter a natural number to know its properties;
- enter two natural numbers to obtain the properties of the list:
  * the first parameter represents a starting number;
  * the second parameter shows how many consecutive numbers are to be processed;
- two natural numbers and properties to search for;
- separate the parameters with one space;
- enter 0 to exit.

Enter a request:> 100000 2 even spy

         111,126 is spy, even
         111,162 is spy, even

Enter a request:> 0

?[1;31m
Start test 67?[0m
Welcome to Amazing Numbers!

Supported requests:
- enter a natural number to know its properties;
- enter two natural numbers to obtain the properties of the list:
  * the first parameter represents a starting number;
  * the second parameter shows how many consecutive numbers are to be processed;
- two natural numbers and properties to search for;
- separate the parameters with one space;
- enter 0 to exit.

Enter a request:> 100 4 odd gapful

             105 is buzz, duck, gapful, odd
             121 is palindromic, gapful, square, jumping, odd
             135 is gapful, odd
             143 is gapful, sunny, odd

Enter a request:> 0

?[1;31m
Start test 68?[0m
Welcome to Amazing Numbers!

Supported requests:
- enter a natural number to know its properties;
- enter two natural numbers to obtain the properties of the list:
  * the first parameter represents a starting number;
  * the second parameter shows how many consecutive numbers are to be processed;
- two natural numbers and properties to search for;
- separate the parameters with one space;
- enter 0 to exit.

Enter a request:> 2000 4 palindromic duck

           2,002 is buzz, duck, palindromic, gapful, even
           3,003 is buzz, duck, palindromic, gapful, odd
           4,004 is buzz, duck, palindromic, gapful, even
           5,005 is buzz, duck, palindromic, gapful, odd

Enter a request:> 0

?[1;31m
Start test 69?[0m
Welcome to Amazing Numbers!

Supported requests:
- enter a natural number to know its properties;
- enter two natural numbers to obtain the properties of the list:
  * the first parameter represents a starting number;
  * the second parameter shows how many consecutive numbers are to be processed;
- two natural numbers and properties to search for;
- separate the parameters with one space;
- enter 0 to exit.

Enter a request:> 4806 1 simple

The property [SIMPLE] is wrong.
Available properties: [EVEN, ODD, BUZZ, DUCK, PALINDROMIC, GAPFUL, SPY, SQUARE, SUNNY, JUMPING]

Enter a request:> 0

?[1;31m
Start test 70?[0m
Welcome to Amazing Numbers!

Supported requests:
- enter a natural number to know its properties;
- enter two natural numbers to obtain the properties of the list:
  * the first parameter represents a starting number;
  * the second parameter shows how many consecutive numbers are to be processed;
- two natural numbers and properties to search for;
- separate the parameters with one space;
- enter 0 to exit.

Enter a request:> 421 8 bAY SUNNY JUMPING SPY

The property [BAY] is wrong.
Available properties: [EVEN, ODD, BUZZ, DUCK, PALINDROMIC, GAPFUL, SPY, SQUARE, SUNNY, JUMPING]

Enter a request:> 0

?[1;31m
Start test 71?[0m
Welcome to Amazing Numbers!

Supported requests:
- enter a natural number to know its properties;
- enter two natural numbers to obtain the properties of the list:
  * the first parameter represents a starting number;
  * the second parameter shows how many consecutive numbers are to be processed;
- two natural numbers and properties to search for;
- separate the parameters with one space;
- enter 0 to exit.

Enter a request:> 14906 19 buzzz

The property [BUZZZ] is wrong.
Available properties: [EVEN, ODD, BUZZ, DUCK, PALINDROMIC, GAPFUL, SPY, SQUARE, SUNNY, JUMPING]

Enter a request:> 0

?[1;31m
Start test 72?[0m
Welcome to Amazing Numbers!

Supported requests:
- enter a natural number to know its properties;
- enter two natural numbers to obtain the properties of the list:
  * the first parameter represents a starting number;
  * the second parameter shows how many consecutive numbers are to be processed;
- two natural numbers and properties to search for;
- separate the parameters with one space;
- enter 0 to exit.

Enter a request:> 21333 14 242

The property [242] is wrong.
Available properties: [EVEN, ODD, BUZZ, DUCK, PALINDROMIC, GAPFUL, SPY, SQUARE, SUNNY, JUMPING]

Enter a request:> 0

?[1;31m
Start test 73?[0m
Welcome to Amazing Numbers!

Supported requests:
- enter a natural number to know its properties;
- enter two natural numbers to obtain the properties of the list:
  * the first parameter represents a starting number;
  * the second parameter shows how many consecutive numbers are to be processed;
- two natural numbers and properties to search for;
- separate the parameters with one space;
- enter 0 to exit.

Enter a request:> 20022 11 reverse

The property [REVERSE] is wrong.
Available properties: [EVEN, ODD, BUZZ, DUCK, PALINDROMIC, GAPFUL, SPY, SQUARE, SUNNY, JUMPING]

Enter a request:> 0

?[1;31m
Start test 74?[0m
Welcome to Amazing Numbers!

Supported requests:
- enter a natural number to know its properties;
- enter two natural numbers to obtain the properties of the list:
  * the first parameter represents a starting number;
  * the second parameter shows how many consecutive numbers are to be processed;
- two natural numbers and properties to search for;
- separate the parameters with one space;
- enter 0 to exit.

Enter a request:> 17720 18 ODD gipful JUMPING SUNNY

The property [GIPFUL] is wrong.
Available properties: [EVEN, ODD, BUZZ, DUCK, PALINDROMIC, GAPFUL, SPY, SQUARE, SUNNY, JUMPING]

Enter a request:> 0

?[1;31m
Start test 75?[0m
Welcome to Amazing Numbers!

Supported requests:
- enter a natural number to know its properties;
- enter two natural numbers to obtain the properties of the list:
  * the first parameter represents a starting number;
  * the second parameter shows how many consecutive numbers are to be processed;
- two natural numbers and properties to search for;
- separate the parameters with one space;
- enter 0 to exit.

Enter a request:> 17277 12 reverse SUNNY SQUARE

The property [REVERSE] is wrong.
Available properties: [EVEN, ODD, BUZZ, DUCK, PALINDROMIC, GAPFUL, SPY, SQUARE, SUNNY, JUMPING]

Enter a request:> 0

?[1;31m
Start test 76?[0m
Welcome to Amazing Numbers!

Supported requests:
- enter a natural number to know its properties;
- enter two natural numbers to obtain the properties of the list:
  * the first parameter represents a starting number;
  * the second parameter shows how many consecutive numbers are to be processed;
- two natural numbers and properties to search for;
- separate the parameters with one space;
- enter 0 to exit.

Enter a request:> 29422 19 DUCK ...

The property [...] is wrong.
Available properties: [EVEN, ODD, BUZZ, DUCK, PALINDROMIC, GAPFUL, SPY, SQUARE, SUNNY, JUMPING]

Enter a request:> 0

?[1;31m
Start test 77?[0m
Welcome to Amazing Numbers!

Supported requests:
- enter a natural number to know its properties;
- enter two natural numbers to obtain the properties of the list:
  * the first parameter represents a starting number;
  * the second parameter shows how many consecutive numbers are to be processed;
- two natural numbers and properties to search for;
- separate the parameters with one space;
- enter 0 to exit.

Enter a request:> 21664 5 242 BUZZ SUNNY ODD

The property [242] is wrong.
Available properties: [EVEN, ODD, BUZZ, DUCK, PALINDROMIC, GAPFUL, SPY, SQUARE, SUNNY, JUMPING]

Enter a request:> 0

?[1;31m
Start test 78?[0m
Welcome to Amazing Numbers!

Supported requests:
- enter a natural number to know its properties;
- enter two natural numbers to obtain the properties of the list:
  * the first parameter represents a starting number;
  * the second parameter shows how many consecutive numbers are to be processed;
- two natural numbers and properties to search for;
- separate the parameters with one space;
- enter 0 to exit.

Enter a request:> 26374 18 &hj

The property [&HJ] is wrong.
Available properties: [EVEN, ODD, BUZZ, DUCK, PALINDROMIC, GAPFUL, SPY, SQUARE, SUNNY, JUMPING]

Enter a request:> 0

?[1;31m
Start test 79?[0m
Welcome to Amazing Numbers!

Supported requests:
- enter a natural number to know its properties;
- enter two natural numbers to obtain the properties of the list:
  * the first parameter represents a starting number;
  * the second parameter shows how many consecutive numbers are to be processed;
- two natural numbers and properties to search for;
- separate the parameters with one space;
- enter 0 to exit.

Enter a request:> 5 1 odd even

The request contains mutually exclusive properties: [ODD EVEN]
There are no numbers with these properties.

Enter a request:> 0

?[1;31m
Start test 80?[0m
Welcome to Amazing Numbers!

Supported requests:
- enter a natural number to know its properties;
- enter two natural numbers to obtain the properties of the list:
  * the first parameter represents a starting number;
  * the second parameter shows how many consecutive numbers are to be processed;
- two natural numbers and properties to search for;
- separate the parameters with one space;
- enter 0 to exit.

Enter a request:> 4 3 even odd

The request contains mutually exclusive properties: [EVEN ODD]
There are no numbers with these properties.

Enter a request:> 0

?[1;31m
Start test 81?[0m
Welcome to Amazing Numbers!

Supported requests:
- enter a natural number to know its properties;
- enter two natural numbers to obtain the properties of the list:
  * the first parameter represents a starting number;
  * the second parameter shows how many consecutive numbers are to be processed;
- two natural numbers and properties to search for;
- separate the parameters with one space;
- enter 0 to exit.

Enter a request:> 32 2 sunny square

The request contains mutually exclusive properties: [SUNNY SQUARE]
There are no numbers with these properties.

Enter a request:> 0

?[1;31m
Start test 82?[0m
Welcome to Amazing Numbers!

Supported requests:
- enter a natural number to know its properties;
- enter two natural numbers to obtain the properties of the list:
  * the first parameter represents a starting number;
  * the second parameter shows how many consecutive numbers are to be processed;
- two natural numbers and properties to search for;
- separate the parameters with one space;
- enter 0 to exit.

Enter a request:> 3153 2 spy duck

The request contains mutually exclusive properties: [SPY DUCK]
There are no numbers with these properties.

Enter a request:> 0

?[1;31m
Start test 83?[0m
Welcome to Amazing Numbers!

Supported requests:
- enter a natural number to know its properties;
- enter two natural numbers to obtain the properties of the list:
  * the first parameter represents a starting number;
  * the second parameter shows how many consecutive numbers are to be processed;
- two natural numbers and properties to search for;
- separate the parameters with one space;
- enter 0 to exit.

Enter a request:> 6 7 duck spy

The request contains mutually exclusive properties: [DUCK SPY]
There are no numbers with these properties.

Enter a request:> 0

?[1;31m
Start test 84?[0m
Welcome to Amazing Numbers!

Supported requests:
- enter a natural number to know its properties;
- enter two natural numbers to obtain the properties of the list:
  * the first parameter represents a starting number;
  * the second parameter shows how many consecutive numbers are to be processed;
- two natural numbers and properties to search for;
- separate the parameters with one space;
- enter 0 to exit.

Enter a request:> 1 2 spy odd sunny even

The request contains mutually exclusive properties: [SPY ODD SUNNY EVEN]
There are no numbers with these properties.

Enter a request:> 0

?[1;31m
Start test 85?[0m
Welcome to Amazing Numbers!

Supported requests:
- enter a natural number to know its properties;
- enter two natural numbers to obtain the properties of the list:
  * the first parameter represents a starting number;
  * the second parameter shows how many consecutive numbers are to be processed;
- two natural numbers and properties to search for;
- separate the parameters with one space;
- enter 0 to exit.

Enter a request:> 7 2 sunny even duck buzz square

The request contains mutually exclusive properties: [SUNNY EVEN DUCK BUZZ SQUARE]
There are no numbers with these properties.

Enter a request:> 0

?[1;31m
Start test 86?[0m
Welcome to Amazing Numbers!

Supported requests:
- enter a natural number to know its properties;
- enter two natural numbers to obtain the properties of the list:
  * the first parameter represents a starting number;
  * the second parameter shows how many consecutive numbers are to be processed;
- two natural numbers and properties to search for;
- separate the parameters with one space;
- enter 0 to exit.

Enter a request:> 9 5 even spy buzz duck

The request contains mutually exclusive properties: [EVEN SPY BUZZ DUCK]
There are no numbers with these properties.

Enter a request:> 0

]]></system-out>
  <system-err><![CDATA[]]></system-err>
</testsuite>
