<?xml version="1.0" encoding="UTF-8"?>
<testsuite name="NumbersTest" tests="1" skipped="0" failures="0" errors="0" timestamp="2023-01-31T06:15:12" hostname="DESKTOP-3SBI11A" time="1.95">
  <properties/>
  <testcase name="start" classname="NumbersTest" time="1.95"/>
  <system-out><![CDATA[?[1;31m
Start test 1?[0m
Welcome to Amazing Numbers!

Supported requests:
- enter a natural number to know its properties; 
- enter two natural numbers to obtain the properties of the list:
  * the first parameter represents a starting number;
  * the second parameter shows how many consecutive numbers are to be printed;
- two natural numbers and a property to search for;
- two natural numbers and two properties to search for;
- separate the parameters with one space;
- enter 0 to exit.

Enter a request:> 0

?[1;31m
Start test 2?[0m
Welcome to Amazing Numbers!

Supported requests:
- enter a natural number to know its properties; 
- enter two natural numbers to obtain the properties of the list:
  * the first parameter represents a starting number;
  * the second parameter shows how many consecutive numbers are to be printed;
- two natural numbers and a property to search for;
- two natural numbers and two properties to search for;
- separate the parameters with one space;
- enter 0 to exit.

Enter a request:> -76

The first parameter should be a natural number or zero.

Enter a request:> 0

?[1;31m
Start test 3?[0m
Welcome to Amazing Numbers!

Supported requests:
- enter a natural number to know its properties; 
- enter two natural numbers to obtain the properties of the list:
  * the first parameter represents a starting number;
  * the second parameter shows how many consecutive numbers are to be printed;
- two natural numbers and a property to search for;
- two natural numbers and two properties to search for;
- separate the parameters with one space;
- enter 0 to exit.

Enter a request:> -97

The first parameter should be a natural number or zero.

Enter a request:> 0

?[1;31m
Start test 4?[0m
Welcome to Amazing Numbers!

Supported requests:
- enter a natural number to know its properties; 
- enter two natural numbers to obtain the properties of the list:
  * the first parameter represents a starting number;
  * the second parameter shows how many consecutive numbers are to be printed;
- two natural numbers and a property to search for;
- two natural numbers and two properties to search for;
- separate the parameters with one space;
- enter 0 to exit.

Enter a request:> -79

The first parameter should be a natural number or zero.

Enter a request:> 0

?[1;31m
Start test 5?[0m
Welcome to Amazing Numbers!

Supported requests:
- enter a natural number to know its properties; 
- enter two natural numbers to obtain the properties of the list:
  * the first parameter represents a starting number;
  * the second parameter shows how many consecutive numbers are to be printed;
- two natural numbers and a property to search for;
- two natural numbers and two properties to search for;
- separate the parameters with one space;
- enter 0 to exit.

Enter a request:> -51

The first parameter should be a natural number or zero.

Enter a request:> 0

?[1;31m
Start test 6?[0m
Welcome to Amazing Numbers!

Supported requests:
- enter a natural number to know its properties; 
- enter two natural numbers to obtain the properties of the list:
  * the first parameter represents a starting number;
  * the second parameter shows how many consecutive numbers are to be printed;
- two natural numbers and a property to search for;
- two natural numbers and two properties to search for;
- separate the parameters with one space;
- enter 0 to exit.

Enter a request:> -8

The first parameter should be a natural number or zero.

Enter a request:> 0

?[1;31m
Start test 7?[0m
Welcome to Amazing Numbers!

Supported requests:
- enter a natural number to know its properties; 
- enter two natural numbers to obtain the properties of the list:
  * the first parameter represents a starting number;
  * the second parameter shows how many consecutive numbers are to be printed;
- two natural numbers and a property to search for;
- two natural numbers and two properties to search for;
- separate the parameters with one space;
- enter 0 to exit.

Enter a request:> 15484 -798

The second parameter should be a natural number.

Enter a request:> 0

?[1;31m
Start test 8?[0m
Welcome to Amazing Numbers!

Supported requests:
- enter a natural number to know its properties; 
- enter two natural numbers to obtain the properties of the list:
  * the first parameter represents a starting number;
  * the second parameter shows how many consecutive numbers are to be printed;
- two natural numbers and a property to search for;
- two natural numbers and two properties to search for;
- separate the parameters with one space;
- enter 0 to exit.

Enter a request:> 13732 -9954

The second parameter should be a natural number.

Enter a request:> 0

?[1;31m
Start test 9?[0m
Welcome to Amazing Numbers!

Supported requests:
- enter a natural number to know its properties; 
- enter two natural numbers to obtain the properties of the list:
  * the first parameter represents a starting number;
  * the second parameter shows how many consecutive numbers are to be printed;
- two natural numbers and a property to search for;
- two natural numbers and two properties to search for;
- separate the parameters with one space;
- enter 0 to exit.

Enter a request:> 5886 -429

The second parameter should be a natural number.

Enter a request:> 0

?[1;31m
Start test 10?[0m
Welcome to Amazing Numbers!

Supported requests:
- enter a natural number to know its properties; 
- enter two natural numbers to obtain the properties of the list:
  * the first parameter represents a starting number;
  * the second parameter shows how many consecutive numbers are to be printed;
- two natural numbers and a property to search for;
- two natural numbers and two properties to search for;
- separate the parameters with one space;
- enter 0 to exit.

Enter a request:> 12771 -8150

The second parameter should be a natural number.

Enter a request:> 0

?[1;31m
Start test 11?[0m
Welcome to Amazing Numbers!

Supported requests:
- enter a natural number to know its properties; 
- enter two natural numbers to obtain the properties of the list:
  * the first parameter represents a starting number;
  * the second parameter shows how many consecutive numbers are to be printed;
- two natural numbers and a property to search for;
- two natural numbers and two properties to search for;
- separate the parameters with one space;
- enter 0 to exit.

Enter a request:> 28434 -23015

The second parameter should be a natural number.

Enter a request:> 0

?[1;31m
Start test 12?[0m
Welcome to Amazing Numbers!

Supported requests:
- enter a natural number to know its properties; 
- enter two natural numbers to obtain the properties of the list:
  * the first parameter represents a starting number;
  * the second parameter shows how many consecutive numbers are to be printed;
- two natural numbers and a property to search for;
- two natural numbers and two properties to search for;
- separate the parameters with one space;
- enter 0 to exit.

Enter a request:> 18559 -13790

The second parameter should be a natural number.

Enter a request:> 0

?[1;31m
Start test 13?[0m
Welcome to Amazing Numbers!

Supported requests:
- enter a natural number to know its properties; 
- enter two natural numbers to obtain the properties of the list:
  * the first parameter represents a starting number;
  * the second parameter shows how many consecutive numbers are to be printed;
- two natural numbers and a property to search for;
- two natural numbers and two properties to search for;
- separate the parameters with one space;
- enter 0 to exit.

Enter a request:> 32394 -5643

The second parameter should be a natural number.

Enter a request:> 0

?[1;31m
Start test 14?[0m
Welcome to Amazing Numbers!

Supported requests:
- enter a natural number to know its properties; 
- enter two natural numbers to obtain the properties of the list:
  * the first parameter represents a starting number;
  * the second parameter shows how many consecutive numbers are to be printed;
- two natural numbers and a property to search for;
- two natural numbers and two properties to search for;
- separate the parameters with one space;
- enter 0 to exit.

Enter a request:> 7755 -11526

The second parameter should be a natural number.

Enter a request:> 0

?[1;31m
Start test 15?[0m
Welcome to Amazing Numbers!

Supported requests:
- enter a natural number to know its properties; 
- enter two natural numbers to obtain the properties of the list:
  * the first parameter represents a starting number;
  * the second parameter shows how many consecutive numbers are to be printed;
- two natural numbers and a property to search for;
- two natural numbers and two properties to search for;
- separate the parameters with one space;
- enter 0 to exit.

Enter a request:> 19374 -9660

The second parameter should be a natural number.

Enter a request:> 0

?[1;31m
Start test 16?[0m
Welcome to Amazing Numbers!

Supported requests:
- enter a natural number to know its properties; 
- enter two natural numbers to obtain the properties of the list:
  * the first parameter represents a starting number;
  * the second parameter shows how many consecutive numbers are to be printed;
- two natural numbers and a property to search for;
- two natural numbers and two properties to search for;
- separate the parameters with one space;
- enter 0 to exit.

Enter a request:> 24206 -11426

The second parameter should be a natural number.

Enter a request:> 0

?[1;31m
Start test 17?[0m
Welcome to Amazing Numbers!

Supported requests:
- enter a natural number to know its properties; 
- enter two natural numbers to obtain the properties of the list:
  * the first parameter represents a starting number;
  * the second parameter shows how many consecutive numbers are to be printed;
- two natural numbers and a property to search for;
- two natural numbers and two properties to search for;
- separate the parameters with one space;
- enter 0 to exit.

Enter a request:> 1

Properties of 1
            buzz: false
            duck: false
     palindromic: true
          gapful: false
             spy: true
          square: true
           sunny: false
            even: false
             odd: true

Enter a request:> 2

Properties of 2
            buzz: false
            duck: false
     palindromic: true
          gapful: false
             spy: true
          square: false
           sunny: false
            even: true
             odd: false

Enter a request:> 3

Properties of 3
            buzz: false
            duck: false
     palindromic: true
          gapful: false
             spy: true
          square: false
           sunny: true
            even: false
             odd: true

Enter a request:> 4

Properties of 4
            buzz: false
            duck: false
     palindromic: true
          gapful: false
             spy: true
          square: true
           sunny: false
            even: true
             odd: false

Enter a request:> 5

Properties of 5
            buzz: false
            duck: false
     palindromic: true
          gapful: false
             spy: true
          square: false
           sunny: false
            even: false
             odd: true

Enter a request:> 6

Properties of 6
            buzz: false
            duck: false
     palindromic: true
          gapful: false
             spy: true
          square: false
           sunny: false
            even: true
             odd: false

Enter a request:> 7

Properties of 7
            buzz: true
            duck: false
     palindromic: true
          gapful: false
             spy: true
          square: false
           sunny: false
            even: false
             odd: true

Enter a request:> 8

Properties of 8
            buzz: false
            duck: false
     palindromic: true
          gapful: false
             spy: true
          square: false
           sunny: true
            even: true
             odd: false

Enter a request:> 9

Properties of 9
            buzz: false
            duck: false
     palindromic: true
          gapful: false
             spy: true
          square: true
           sunny: false
            even: false
             odd: true

Enter a request:> 10

Properties of 10
            buzz: false
            duck: true
     palindromic: false
          gapful: false
             spy: false
          square: false
           sunny: false
            even: true
             odd: false

Enter a request:> 11

Properties of 11
            buzz: false
            duck: false
     palindromic: true
          gapful: false
             spy: false
          square: false
           sunny: false
            even: false
             odd: true

Enter a request:> 12

Properties of 12
            buzz: false
            duck: false
     palindromic: false
          gapful: false
             spy: false
          square: false
           sunny: false
            even: true
             odd: false

Enter a request:> 13

Properties of 13
            buzz: false
            duck: false
     palindromic: false
          gapful: false
             spy: false
          square: false
           sunny: false
            even: false
             odd: true

Enter a request:> 14

Properties of 14
            buzz: true
            duck: false
     palindromic: false
          gapful: false
             spy: false
          square: false
           sunny: false
            even: true
             odd: false

Enter a request:> 8382183622128185486

Properties of 8,382,183,622,128,185,486
            buzz: false
            duck: false
     palindromic: false
          gapful: false
             spy: false
          square: false
           sunny: false
            even: true
             odd: false

Enter a request:> 2391375317419241040

Properties of 2,391,375,317,419,241,040
            buzz: false
            duck: true
     palindromic: false
          gapful: true
             spy: false
          square: false
           sunny: false
            even: true
             odd: false

Enter a request:> 5686408550073144428

Properties of 5,686,408,550,073,144,428
            buzz: false
            duck: true
     palindromic: false
          gapful: false
             spy: false
          square: false
           sunny: false
            even: true
             odd: false

Enter a request:> 4499008321016259351

Properties of 4,499,008,321,016,259,351
            buzz: true
            duck: true
     palindromic: false
          gapful: false
             spy: false
          square: false
           sunny: false
            even: false
             odd: true

Enter a request:> 2182791088391593861

Properties of 2,182,791,088,391,593,861
            buzz: false
            duck: true
     palindromic: false
          gapful: false
             spy: false
          square: false
           sunny: false
            even: false
             odd: true

Enter a request:> 6883817641482026260

Properties of 6,883,817,641,482,026,260
            buzz: false
            duck: true
     palindromic: false
          gapful: false
             spy: false
          square: false
           sunny: false
            even: true
             odd: false

Enter a request:> 6362928937526600361

Properties of 6,362,928,937,526,600,361
            buzz: false
            duck: true
     palindromic: false
          gapful: false
             spy: false
          square: false
           sunny: false
            even: false
             odd: true

Enter a request:> 6071441483525127371

Properties of 6,071,441,483,525,127,371
            buzz: false
            duck: true
     palindromic: false
          gapful: false
             spy: false
          square: false
           sunny: false
            even: false
             odd: true

Enter a request:> 5343690858327160790

Properties of 5,343,690,858,327,160,790
            buzz: false
            duck: true
     palindromic: false
          gapful: false
             spy: false
          square: false
           sunny: false
            even: true
             odd: false

Enter a request:> 9175494623336511774

Properties of 9,175,494,623,336,511,774
            buzz: false
            duck: false
     palindromic: false
          gapful: false
             spy: false
          square: false
           sunny: false
            even: true
             odd: false

Enter a request:> 0

?[1;31m
Start test 18?[0m
Welcome to Amazing Numbers!

Supported requests:
- enter a natural number to know its properties; 
- enter two natural numbers to obtain the properties of the list:
  * the first parameter represents a starting number;
  * the second parameter shows how many consecutive numbers are to be printed;
- two natural numbers and a property to search for;
- two natural numbers and two properties to search for;
- separate the parameters with one space;
- enter 0 to exit.

Enter a request:> 1 15

               1 is palindromic, spy, square, odd
               2 is palindromic, spy, even
               3 is palindromic, spy, sunny, odd
               4 is palindromic, spy, square, even
               5 is palindromic, spy, odd
               6 is palindromic, spy, even
               7 is buzz, palindromic, spy, odd
               8 is palindromic, spy, sunny, even
               9 is palindromic, spy, square, odd
              10 is duck, even
              11 is palindromic, odd
              12 is even
              13 is odd
              14 is buzz, even
              15 is sunny, odd

Enter a request:> 0

?[1;31m
Start test 19?[0m
Welcome to Amazing Numbers!

Supported requests:
- enter a natural number to know its properties; 
- enter two natural numbers to obtain the properties of the list:
  * the first parameter represents a starting number;
  * the second parameter shows how many consecutive numbers are to be printed;
- two natural numbers and a property to search for;
- two natural numbers and two properties to search for;
- separate the parameters with one space;
- enter 0 to exit.

Enter a request:> 7199621997487294697 7

7,199,621,997,487,294,697 is buzz, odd
7,199,621,997,487,294,698 is even
7,199,621,997,487,294,699 is odd
7,199,621,997,487,294,700 is duck, even
7,199,621,997,487,294,701 is duck, odd
7,199,621,997,487,294,702 is duck, even
7,199,621,997,487,294,703 is duck, odd

Enter a request:> 0

?[1;31m
Start test 20?[0m
Welcome to Amazing Numbers!

Supported requests:
- enter a natural number to know its properties; 
- enter two natural numbers to obtain the properties of the list:
  * the first parameter represents a starting number;
  * the second parameter shows how many consecutive numbers are to be printed;
- two natural numbers and a property to search for;
- two natural numbers and two properties to search for;
- separate the parameters with one space;
- enter 0 to exit.

Enter a request:> 7499323206891793609 9

7,499,323,206,891,793,609 is duck, odd
7,499,323,206,891,793,610 is duck, even
7,499,323,206,891,793,611 is duck, odd
7,499,323,206,891,793,612 is duck, even
7,499,323,206,891,793,613 is buzz, duck, odd
7,499,323,206,891,793,614 is duck, even
7,499,323,206,891,793,615 is duck, odd
7,499,323,206,891,793,616 is duck, even
7,499,323,206,891,793,617 is buzz, duck, odd

Enter a request:> 0

?[1;31m
Start test 21?[0m
Welcome to Amazing Numbers!

Supported requests:
- enter a natural number to know its properties; 
- enter two natural numbers to obtain the properties of the list:
  * the first parameter represents a starting number;
  * the second parameter shows how many consecutive numbers are to be printed;
- two natural numbers and a property to search for;
- two natural numbers and two properties to search for;
- separate the parameters with one space;
- enter 0 to exit.

Enter a request:> 2894124861277234882 2

2,894,124,861,277,234,882 is gapful, even
2,894,124,861,277,234,883 is odd

Enter a request:> 0

?[1;31m
Start test 22?[0m
Welcome to Amazing Numbers!

Supported requests:
- enter a natural number to know its properties; 
- enter two natural numbers to obtain the properties of the list:
  * the first parameter represents a starting number;
  * the second parameter shows how many consecutive numbers are to be printed;
- two natural numbers and a property to search for;
- two natural numbers and two properties to search for;
- separate the parameters with one space;
- enter 0 to exit.

Enter a request:> 386931697781824372 8

386,931,697,781,824,372 is even
386,931,697,781,824,373 is odd
386,931,697,781,824,374 is even
386,931,697,781,824,375 is odd
386,931,697,781,824,376 is even
386,931,697,781,824,377 is buzz, gapful, odd
386,931,697,781,824,378 is even
386,931,697,781,824,379 is odd

Enter a request:> 0

?[1;31m
Start test 23?[0m
Welcome to Amazing Numbers!

Supported requests:
- enter a natural number to know its properties; 
- enter two natural numbers to obtain the properties of the list:
  * the first parameter represents a starting number;
  * the second parameter shows how many consecutive numbers are to be printed;
- two natural numbers and a property to search for;
- two natural numbers and two properties to search for;
- separate the parameters with one space;
- enter 0 to exit.

Enter a request:> 2325488777722878727 17

2,325,488,777,722,878,727 is buzz, odd
2,325,488,777,722,878,728 is even
2,325,488,777,722,878,729 is odd
2,325,488,777,722,878,730 is duck, even
2,325,488,777,722,878,731 is odd
2,325,488,777,722,878,732 is even
2,325,488,777,722,878,733 is buzz, odd
2,325,488,777,722,878,734 is even
2,325,488,777,722,878,735 is odd
2,325,488,777,722,878,736 is even
2,325,488,777,722,878,737 is buzz, odd
2,325,488,777,722,878,738 is even
2,325,488,777,722,878,739 is odd
2,325,488,777,722,878,740 is buzz, duck, gapful, even
2,325,488,777,722,878,741 is odd
2,325,488,777,722,878,742 is even
2,325,488,777,722,878,743 is odd

Enter a request:> 0

?[1;31m
Start test 24?[0m
Welcome to Amazing Numbers!

Supported requests:
- enter a natural number to know its properties; 
- enter two natural numbers to obtain the properties of the list:
  * the first parameter represents a starting number;
  * the second parameter shows how many consecutive numbers are to be printed;
- two natural numbers and a property to search for;
- two natural numbers and two properties to search for;
- separate the parameters with one space;
- enter 0 to exit.

Enter a request:> 7125812830459490800 5

7,125,812,830,459,490,800 is duck, even
7,125,812,830,459,490,801 is duck, odd
7,125,812,830,459,490,802 is duck, even
7,125,812,830,459,490,803 is duck, odd
7,125,812,830,459,490,804 is buzz, duck, even

Enter a request:> 0

?[1;31m
Start test 25?[0m
Welcome to Amazing Numbers!

Supported requests:
- enter a natural number to know its properties; 
- enter two natural numbers to obtain the properties of the list:
  * the first parameter represents a starting number;
  * the second parameter shows how many consecutive numbers are to be printed;
- two natural numbers and a property to search for;
- two natural numbers and two properties to search for;
- separate the parameters with one space;
- enter 0 to exit.

Enter a request:> 9013299708475612771 18

9,013,299,708,475,612,771 is duck, odd
9,013,299,708,475,612,772 is duck, even
9,013,299,708,475,612,773 is duck, odd
9,013,299,708,475,612,774 is buzz, duck, even
9,013,299,708,475,612,775 is duck, odd
9,013,299,708,475,612,776 is duck, even
9,013,299,708,475,612,777 is buzz, duck, odd
9,013,299,708,475,612,778 is duck, even
9,013,299,708,475,612,779 is duck, odd
9,013,299,708,475,612,780 is duck, even
9,013,299,708,475,612,781 is buzz, duck, odd
9,013,299,708,475,612,782 is duck, even
9,013,299,708,475,612,783 is duck, odd
9,013,299,708,475,612,784 is duck, even
9,013,299,708,475,612,785 is duck, odd
9,013,299,708,475,612,786 is duck, even
9,013,299,708,475,612,787 is buzz, duck, odd
9,013,299,708,475,612,788 is buzz, duck, even

Enter a request:> 0

?[1;31m
Start test 26?[0m
Welcome to Amazing Numbers!

Supported requests:
- enter a natural number to know its properties; 
- enter two natural numbers to obtain the properties of the list:
  * the first parameter represents a starting number;
  * the second parameter shows how many consecutive numbers are to be printed;
- two natural numbers and a property to search for;
- two natural numbers and two properties to search for;
- separate the parameters with one space;
- enter 0 to exit.

Enter a request:> 6845955687888939323 14

6,845,955,687,888,939,323 is odd
6,845,955,687,888,939,324 is even
6,845,955,687,888,939,325 is odd
6,845,955,687,888,939,326 is even
6,845,955,687,888,939,327 is buzz, odd
6,845,955,687,888,939,328 is buzz, even
6,845,955,687,888,939,329 is odd
6,845,955,687,888,939,330 is duck, even
6,845,955,687,888,939,331 is odd
6,845,955,687,888,939,332 is even
6,845,955,687,888,939,333 is odd
6,845,955,687,888,939,334 is even
6,845,955,687,888,939,335 is buzz, odd
6,845,955,687,888,939,336 is gapful, even

Enter a request:> 0

?[1;31m
Start test 27?[0m
Welcome to Amazing Numbers!

Supported requests:
- enter a natural number to know its properties; 
- enter two natural numbers to obtain the properties of the list:
  * the first parameter represents a starting number;
  * the second parameter shows how many consecutive numbers are to be printed;
- two natural numbers and a property to search for;
- two natural numbers and two properties to search for;
- separate the parameters with one space;
- enter 0 to exit.

Enter a request:> 5833268007443273183 9

5,833,268,007,443,273,183 is duck, odd
5,833,268,007,443,273,184 is duck, even
5,833,268,007,443,273,185 is duck, odd
5,833,268,007,443,273,186 is duck, even
5,833,268,007,443,273,187 is buzz, duck, odd
5,833,268,007,443,273,188 is duck, even
5,833,268,007,443,273,189 is duck, odd
5,833,268,007,443,273,190 is duck, even
5,833,268,007,443,273,191 is duck, odd

Enter a request:> 0

?[1;31m
Start test 28?[0m
Welcome to Amazing Numbers!

Supported requests:
- enter a natural number to know its properties; 
- enter two natural numbers to obtain the properties of the list:
  * the first parameter represents a starting number;
  * the second parameter shows how many consecutive numbers are to be printed;
- two natural numbers and a property to search for;
- two natural numbers and two properties to search for;
- separate the parameters with one space;
- enter 0 to exit.

Enter a request:> 1804075085107359766 1

1,804,075,085,107,359,766 is duck, even

Enter a request:> 0

?[1;31m
Start test 29?[0m
Welcome to Amazing Numbers!

Supported requests:
- enter a natural number to know its properties; 
- enter two natural numbers to obtain the properties of the list:
  * the first parameter represents a starting number;
  * the second parameter shows how many consecutive numbers are to be printed;
- two natural numbers and a property to search for;
- two natural numbers and two properties to search for;
- separate the parameters with one space;
- enter 0 to exit.

Enter a request:> 1 10 May

The property [MAY] is wrong.
Available properties: [EVEN, ODD, BUZZ, DUCK, PALINDROMIC, GAPFUL, SPY, SQUARE, SUNNY]

Enter a request:> 0

?[1;31m
Start test 30?[0m
Welcome to Amazing Numbers!

Supported requests:
- enter a natural number to know its properties; 
- enter two natural numbers to obtain the properties of the list:
  * the first parameter represents a starting number;
  * the second parameter shows how many consecutive numbers are to be printed;
- two natural numbers and a property to search for;
- two natural numbers and two properties to search for;
- separate the parameters with one space;
- enter 0 to exit.

Enter a request:> 40 2 bay

The property [BAY] is wrong.
Available properties: [EVEN, ODD, BUZZ, DUCK, PALINDROMIC, GAPFUL, SPY, SQUARE, SUNNY]

Enter a request:> 0

?[1;31m
Start test 31?[0m
Welcome to Amazing Numbers!

Supported requests:
- enter a natural number to know its properties; 
- enter two natural numbers to obtain the properties of the list:
  * the first parameter represents a starting number;
  * the second parameter shows how many consecutive numbers are to be printed;
- two natural numbers and a property to search for;
- two natural numbers and two properties to search for;
- separate the parameters with one space;
- enter 0 to exit.

Enter a request:> 37 4 8

The property [8] is wrong.
Available properties: [EVEN, ODD, BUZZ, DUCK, PALINDROMIC, GAPFUL, SPY, SQUARE, SUNNY]

Enter a request:> 0

?[1;31m
Start test 32?[0m
Welcome to Amazing Numbers!

Supported requests:
- enter a natural number to know its properties; 
- enter two natural numbers to obtain the properties of the list:
  * the first parameter represents a starting number;
  * the second parameter shows how many consecutive numbers are to be printed;
- two natural numbers and a property to search for;
- two natural numbers and two properties to search for;
- separate the parameters with one space;
- enter 0 to exit.

Enter a request:> 67 2 day

The property [DAY] is wrong.
Available properties: [EVEN, ODD, BUZZ, DUCK, PALINDROMIC, GAPFUL, SPY, SQUARE, SUNNY]

Enter a request:> 0

?[1;31m
Start test 33?[0m
Welcome to Amazing Numbers!

Supported requests:
- enter a natural number to know its properties; 
- enter two natural numbers to obtain the properties of the list:
  * the first parameter represents a starting number;
  * the second parameter shows how many consecutive numbers are to be printed;
- two natural numbers and a property to search for;
- two natural numbers and two properties to search for;
- separate the parameters with one space;
- enter 0 to exit.

Enter a request:> 2 54 Prime

The property [PRIME] is wrong.
Available properties: [EVEN, ODD, BUZZ, DUCK, PALINDROMIC, GAPFUL, SPY, SQUARE, SUNNY]

Enter a request:> 0

?[1;31m
Start test 34?[0m
Welcome to Amazing Numbers!

Supported requests:
- enter a natural number to know its properties; 
- enter two natural numbers to obtain the properties of the list:
  * the first parameter represents a starting number;
  * the second parameter shows how many consecutive numbers are to be printed;
- two natural numbers and a property to search for;
- two natural numbers and two properties to search for;
- separate the parameters with one space;
- enter 0 to exit.

Enter a request:> 6 8 ...

The property [...] is wrong.
Available properties: [EVEN, ODD, BUZZ, DUCK, PALINDROMIC, GAPFUL, SPY, SQUARE, SUNNY]

Enter a request:> 0

?[1;31m
Start test 35?[0m
Welcome to Amazing Numbers!

Supported requests:
- enter a natural number to know its properties; 
- enter two natural numbers to obtain the properties of the list:
  * the first parameter represents a starting number;
  * the second parameter shows how many consecutive numbers are to be printed;
- two natural numbers and a property to search for;
- two natural numbers and two properties to search for;
- separate the parameters with one space;
- enter 0 to exit.

Enter a request:> 5 9 none

The property [NONE] is wrong.
Available properties: [EVEN, ODD, BUZZ, DUCK, PALINDROMIC, GAPFUL, SPY, SQUARE, SUNNY]

Enter a request:> 0

?[1;31m
Start test 36?[0m
Welcome to Amazing Numbers!

Supported requests:
- enter a natural number to know its properties; 
- enter two natural numbers to obtain the properties of the list:
  * the first parameter represents a starting number;
  * the second parameter shows how many consecutive numbers are to be printed;
- two natural numbers and a property to search for;
- two natural numbers and two properties to search for;
- separate the parameters with one space;
- enter 0 to exit.

Enter a request:> 1 10 BUZZ

               7 is buzz, palindromic, spy, odd
              14 is buzz, even
              17 is buzz, odd
              21 is buzz, odd
              27 is buzz, odd
              28 is buzz, even
              35 is buzz, sunny, odd
              37 is buzz, odd
              42 is buzz, even
              47 is buzz, odd

Enter a request:> 1 10 DUCK

              10 is duck, even
              20 is duck, even
              30 is duck, even
              40 is duck, even
              50 is duck, even
              60 is duck, even
              70 is buzz, duck, even
              80 is duck, sunny, even
              90 is duck, even
             100 is duck, gapful, square, even

Enter a request:> 1 10 PALINDROMIC

               1 is palindromic, spy, square, odd
               2 is palindromic, spy, even
               3 is palindromic, spy, sunny, odd
               4 is palindromic, spy, square, even
               5 is palindromic, spy, odd
               6 is palindromic, spy, even
               7 is buzz, palindromic, spy, odd
               8 is palindromic, spy, sunny, even
               9 is palindromic, spy, square, odd
              11 is palindromic, odd

Enter a request:> 1 10 GAPFUL

             100 is duck, gapful, square, even
             105 is buzz, duck, gapful, odd
             108 is duck, gapful, even
             110 is duck, gapful, even
             120 is duck, gapful, sunny, even
             121 is palindromic, gapful, square, odd
             130 is duck, gapful, even
             132 is gapful, spy, even
             135 is gapful, odd
             140 is buzz, duck, gapful, even

Enter a request:> 1 10 SPY

               1 is palindromic, spy, square, odd
               2 is palindromic, spy, even
               3 is palindromic, spy, sunny, odd
               4 is palindromic, spy, square, even
               5 is palindromic, spy, odd
               6 is palindromic, spy, even
               7 is buzz, palindromic, spy, odd
               8 is palindromic, spy, sunny, even
               9 is palindromic, spy, square, odd
              22 is palindromic, spy, even

Enter a request:> 1 10 SQUARE

               1 is palindromic, spy, square, odd
               4 is palindromic, spy, square, even
               9 is palindromic, spy, square, odd
              16 is square, even
              25 is square, odd
              36 is square, even
              49 is buzz, square, odd
              64 is square, even
              81 is square, odd
             100 is duck, gapful, square, even

Enter a request:> 1 10 SUNNY

               3 is palindromic, spy, sunny, odd
               8 is palindromic, spy, sunny, even
              15 is sunny, odd
              24 is sunny, even
              35 is buzz, sunny, odd
              48 is sunny, even
              63 is buzz, sunny, odd
              80 is duck, sunny, even
              99 is palindromic, sunny, odd
             120 is duck, gapful, sunny, even

Enter a request:> 1 10 EVEN

               2 is palindromic, spy, even
               4 is palindromic, spy, square, even
               6 is palindromic, spy, even
               8 is palindromic, spy, sunny, even
              10 is duck, even
              12 is even
              14 is buzz, even
              16 is square, even
              18 is even
              20 is duck, even

Enter a request:> 1 10 ODD

               1 is palindromic, spy, square, odd
               3 is palindromic, spy, sunny, odd
               5 is palindromic, spy, odd
               7 is buzz, palindromic, spy, odd
               9 is palindromic, spy, square, odd
              11 is palindromic, odd
              13 is odd
              15 is sunny, odd
              17 is buzz, odd
              19 is odd

Enter a request:> 0

?[1;31m
Start test 37?[0m
Welcome to Amazing Numbers!

Supported requests:
- enter a natural number to know its properties; 
- enter two natural numbers to obtain the properties of the list:
  * the first parameter represents a starting number;
  * the second parameter shows how many consecutive numbers are to be printed;
- two natural numbers and a property to search for;
- two natural numbers and two properties to search for;
- separate the parameters with one space;
- enter 0 to exit.

Enter a request:> 28302 18 EVEN

          28,302 is duck, even
          28,304 is duck, even
          28,306 is duck, even
          28,308 is buzz, duck, gapful, even
          28,310 is duck, even
          28,312 is even
          28,314 is even
          28,316 is even
          28,318 is even
          28,320 is duck, gapful, even
          28,322 is buzz, even
          28,324 is even
          28,326 is even
          28,328 is even
          28,330 is duck, even
          28,332 is even
          28,334 is even
          28,336 is buzz, even

Enter a request:> 0

?[1;31m
Start test 38?[0m
Welcome to Amazing Numbers!

Supported requests:
- enter a natural number to know its properties; 
- enter two natural numbers to obtain the properties of the list:
  * the first parameter represents a starting number;
  * the second parameter shows how many consecutive numbers are to be printed;
- two natural numbers and a property to search for;
- two natural numbers and two properties to search for;
- separate the parameters with one space;
- enter 0 to exit.

Enter a request:> 29120 7 EVEN

          29,120 is buzz, duck, gapful, even
          29,122 is even
          29,124 is even
          29,126 is even
          29,128 is even
          29,130 is duck, even
          29,132 is even

Enter a request:> 0

?[1;31m
Start test 39?[0m
Welcome to Amazing Numbers!

Supported requests:
- enter a natural number to know its properties; 
- enter two natural numbers to obtain the properties of the list:
  * the first parameter represents a starting number;
  * the second parameter shows how many consecutive numbers are to be printed;
- two natural numbers and a property to search for;
- two natural numbers and two properties to search for;
- separate the parameters with one space;
- enter 0 to exit.

Enter a request:> 25034 19 SPY

          25,111 is spy, odd
          31,113 is palindromic, spy, odd
          31,131 is spy, odd
          31,311 is buzz, spy, odd
          33,111 is spy, odd
          51,112 is spy, even
          51,121 is buzz, spy, odd
          51,211 is spy, odd
          52,111 is spy, odd
         111,126 is spy, even
         111,162 is spy, even
         111,216 is buzz, gapful, spy, even
         111,261 is spy, odd
         111,612 is gapful, spy, even
         111,621 is spy, odd
         112,116 is spy, even
         112,161 is buzz, spy, odd
         112,611 is spy, odd
         116,112 is gapful, spy, even

Enter a request:> 0

?[1;31m
Start test 40?[0m
Welcome to Amazing Numbers!

Supported requests:
- enter a natural number to know its properties; 
- enter two natural numbers to obtain the properties of the list:
  * the first parameter represents a starting number;
  * the second parameter shows how many consecutive numbers are to be printed;
- two natural numbers and a property to search for;
- two natural numbers and two properties to search for;
- separate the parameters with one space;
- enter 0 to exit.

Enter a request:> 25568 20 PALINDROMIC

          25,652 is palindromic, gapful, even
          25,752 is palindromic, even
          25,852 is palindromic, even
          25,952 is palindromic, even
          26,062 is duck, palindromic, even
          26,162 is palindromic, even
          26,262 is palindromic, even
          26,362 is buzz, palindromic, even
          26,462 is palindromic, even
          26,562 is palindromic, even
          26,662 is palindromic, even
          26,762 is palindromic, even
          26,862 is palindromic, gapful, even
          26,962 is palindromic, even
          27,072 is duck, palindromic, even
          27,172 is palindromic, even
          27,272 is buzz, palindromic, even
          27,372 is palindromic, even
          27,472 is palindromic, even
          27,572 is palindromic, even

Enter a request:> 0

?[1;31m
Start test 41?[0m
Welcome to Amazing Numbers!

Supported requests:
- enter a natural number to know its properties; 
- enter two natural numbers to obtain the properties of the list:
  * the first parameter represents a starting number;
  * the second parameter shows how many consecutive numbers are to be printed;
- two natural numbers and a property to search for;
- two natural numbers and two properties to search for;
- separate the parameters with one space;
- enter 0 to exit.

Enter a request:> 31718 20 BUZZ

          31,724 is buzz, even
          31,727 is buzz, odd
          31,731 is buzz, odd
          31,737 is buzz, odd
          31,738 is buzz, even
          31,745 is buzz, gapful, odd
          31,747 is buzz, odd
          31,752 is buzz, even
          31,757 is buzz, odd
          31,759 is buzz, odd
          31,766 is buzz, even
          31,767 is buzz, odd
          31,773 is buzz, odd
          31,777 is buzz, odd
          31,780 is buzz, duck, even
          31,787 is buzz, odd
          31,794 is buzz, even
          31,797 is buzz, odd
          31,801 is buzz, duck, odd
          31,807 is buzz, duck, odd

Enter a request:> 0

?[1;31m
Start test 42?[0m
Welcome to Amazing Numbers!

Supported requests:
- enter a natural number to know its properties; 
- enter two natural numbers to obtain the properties of the list:
  * the first parameter represents a starting number;
  * the second parameter shows how many consecutive numbers are to be printed;
- two natural numbers and a property to search for;
- two natural numbers and two properties to search for;
- separate the parameters with one space;
- enter 0 to exit.

Enter a request:> 28831 12 SQUARE

          28,900 is duck, gapful, square, even
          29,241 is square, odd
          29,584 is square, even
          29,929 is square, odd
          30,276 is duck, gapful, square, even
          30,625 is buzz, duck, gapful, square, odd
          30,976 is duck, square, even
          31,329 is square, odd
          31,684 is square, even
          32,041 is duck, square, odd
          32,400 is duck, gapful, square, even
          32,761 is square, odd

Enter a request:> 0

?[1;31m
Start test 43?[0m
Welcome to Amazing Numbers!

Supported requests:
- enter a natural number to know its properties; 
- enter two natural numbers to obtain the properties of the list:
  * the first parameter represents a starting number;
  * the second parameter shows how many consecutive numbers are to be printed;
- two natural numbers and a property to search for;
- two natural numbers and two properties to search for;
- separate the parameters with one space;
- enter 0 to exit.

Enter a request:> 16406 3 SPY

          21,115 is spy, odd
          21,122 is spy, even
          21,151 is spy, odd

Enter a request:> 0

?[1;31m
Start test 44?[0m
Welcome to Amazing Numbers!

Supported requests:
- enter a natural number to know its properties; 
- enter two natural numbers to obtain the properties of the list:
  * the first parameter represents a starting number;
  * the second parameter shows how many consecutive numbers are to be printed;
- two natural numbers and a property to search for;
- two natural numbers and two properties to search for;
- separate the parameters with one space;
- enter 0 to exit.

Enter a request:> 20062 5 EVEN

          20,062 is buzz, duck, even
          20,064 is duck, gapful, even
          20,066 is duck, even
          20,068 is duck, even
          20,070 is duck, even

Enter a request:> 0

?[1;31m
Start test 45?[0m
Welcome to Amazing Numbers!

Supported requests:
- enter a natural number to know its properties; 
- enter two natural numbers to obtain the properties of the list:
  * the first parameter represents a starting number;
  * the second parameter shows how many consecutive numbers are to be printed;
- two natural numbers and a property to search for;
- two natural numbers and two properties to search for;
- separate the parameters with one space;
- enter 0 to exit.

Enter a request:> 10631 3 SQUARE

          10,816 is duck, gapful, square, even
          11,025 is buzz, duck, gapful, square, odd
          11,236 is square, even

Enter a request:> 0

?[1;31m
Start test 46?[0m
Welcome to Amazing Numbers!

Supported requests:
- enter a natural number to know its properties; 
- enter two natural numbers to obtain the properties of the list:
  * the first parameter represents a starting number;
  * the second parameter shows how many consecutive numbers are to be printed;
- two natural numbers and a property to search for;
- two natural numbers and two properties to search for;
- separate the parameters with one space;
- enter 0 to exit.

Enter a request:> 11165 1 SQUARE

          11,236 is square, even

Enter a request:> 0

?[1;31m
Start test 47?[0m
Welcome to Amazing Numbers!

Supported requests:
- enter a natural number to know its properties; 
- enter two natural numbers to obtain the properties of the list:
  * the first parameter represents a starting number;
  * the second parameter shows how many consecutive numbers are to be printed;
- two natural numbers and a property to search for;
- two natural numbers and two properties to search for;
- separate the parameters with one space;
- enter 0 to exit.

Enter a request:> 1 10 odd girl

The property [GIRL] is wrong.
Available properties: [EVEN, ODD, BUZZ, DUCK, PALINDROMIC, GAPFUL, SPY, SQUARE, SUNNY]

Enter a request:> 0

?[1;31m
Start test 48?[0m
Welcome to Amazing Numbers!

Supported requests:
- enter a natural number to know its properties; 
- enter two natural numbers to obtain the properties of the list:
  * the first parameter represents a starting number;
  * the second parameter shows how many consecutive numbers are to be printed;
- two natural numbers and a property to search for;
- two natural numbers and two properties to search for;
- separate the parameters with one space;
- enter 0 to exit.

Enter a request:> 40 2 even day

The property [DAY] is wrong.
Available properties: [EVEN, ODD, BUZZ, DUCK, PALINDROMIC, GAPFUL, SPY, SQUARE, SUNNY]

Enter a request:> 0

?[1;31m
Start test 49?[0m
Welcome to Amazing Numbers!

Supported requests:
- enter a natural number to know its properties; 
- enter two natural numbers to obtain the properties of the list:
  * the first parameter represents a starting number;
  * the second parameter shows how many consecutive numbers are to be printed;
- two natural numbers and a property to search for;
- two natural numbers and two properties to search for;
- separate the parameters with one space;
- enter 0 to exit.

Enter a request:> 37 4 spy 89

The property [89] is wrong.
Available properties: [EVEN, ODD, BUZZ, DUCK, PALINDROMIC, GAPFUL, SPY, SQUARE, SUNNY]

Enter a request:> 0

?[1;31m
Start test 50?[0m
Welcome to Amazing Numbers!

Supported requests:
- enter a natural number to know its properties; 
- enter two natural numbers to obtain the properties of the list:
  * the first parameter represents a starting number;
  * the second parameter shows how many consecutive numbers are to be printed;
- two natural numbers and a property to search for;
- two natural numbers and two properties to search for;
- separate the parameters with one space;
- enter 0 to exit.

Enter a request:> 67 2 DUCK +

The property [+] is wrong.
Available properties: [EVEN, ODD, BUZZ, DUCK, PALINDROMIC, GAPFUL, SPY, SQUARE, SUNNY]

Enter a request:> 0

?[1;31m
Start test 51?[0m
Welcome to Amazing Numbers!

Supported requests:
- enter a natural number to know its properties; 
- enter two natural numbers to obtain the properties of the list:
  * the first parameter represents a starting number;
  * the second parameter shows how many consecutive numbers are to be printed;
- two natural numbers and a property to search for;
- two natural numbers and two properties to search for;
- separate the parameters with one space;
- enter 0 to exit.

Enter a request:> 1 10 boy friend

The properties [BOY, FRIEND] are wrong.
Available properties: [EVEN, ODD, BUZZ, DUCK, PALINDROMIC, GAPFUL, SPY, SQUARE, SUNNY]

Enter a request:> 0

?[1;31m
Start test 52?[0m
Welcome to Amazing Numbers!

Supported requests:
- enter a natural number to know its properties; 
- enter two natural numbers to obtain the properties of the list:
  * the first parameter represents a starting number;
  * the second parameter shows how many consecutive numbers are to be printed;
- two natural numbers and a property to search for;
- two natural numbers and two properties to search for;
- separate the parameters with one space;
- enter 0 to exit.

Enter a request:> 40 2 long day

The properties [LONG, DAY] are wrong.
Available properties: [EVEN, ODD, BUZZ, DUCK, PALINDROMIC, GAPFUL, SPY, SQUARE, SUNNY]

Enter a request:> 0

?[1;31m
Start test 53?[0m
Welcome to Amazing Numbers!

Supported requests:
- enter a natural number to know its properties; 
- enter two natural numbers to obtain the properties of the list:
  * the first parameter represents a starting number;
  * the second parameter shows how many consecutive numbers are to be printed;
- two natural numbers and a property to search for;
- two natural numbers and two properties to search for;
- separate the parameters with one space;
- enter 0 to exit.

Enter a request:> 37 4 hot girl

The properties [HOT, GIRL] are wrong.
Available properties: [EVEN, ODD, BUZZ, DUCK, PALINDROMIC, GAPFUL, SPY, SQUARE, SUNNY]

Enter a request:> 0

?[1;31m
Start test 54?[0m
Welcome to Amazing Numbers!

Supported requests:
- enter a natural number to know its properties; 
- enter two natural numbers to obtain the properties of the list:
  * the first parameter represents a starting number;
  * the second parameter shows how many consecutive numbers are to be printed;
- two natural numbers and a property to search for;
- two natural numbers and two properties to search for;
- separate the parameters with one space;
- enter 0 to exit.

Enter a request:> 67 2 strong drake

The properties [STRONG, DRAKE] are wrong.
Available properties: [EVEN, ODD, BUZZ, DUCK, PALINDROMIC, GAPFUL, SPY, SQUARE, SUNNY]

Enter a request:> 0

?[1;31m
Start test 55?[0m
Welcome to Amazing Numbers!

Supported requests:
- enter a natural number to know its properties; 
- enter two natural numbers to obtain the properties of the list:
  * the first parameter represents a starting number;
  * the second parameter shows how many consecutive numbers are to be printed;
- two natural numbers and a property to search for;
- two natural numbers and two properties to search for;
- separate the parameters with one space;
- enter 0 to exit.

Enter a request:> 1 7 spy palindromic

               1 is palindromic, spy, square, odd
               2 is palindromic, spy, even
               3 is palindromic, spy, sunny, odd
               4 is palindromic, spy, square, even
               5 is palindromic, spy, odd
               6 is palindromic, spy, even
               7 is buzz, palindromic, spy, odd

Enter a request:> 0

?[1;31m
Start test 56?[0m
Welcome to Amazing Numbers!

Supported requests:
- enter a natural number to know its properties; 
- enter two natural numbers to obtain the properties of the list:
  * the first parameter represents a starting number;
  * the second parameter shows how many consecutive numbers are to be printed;
- two natural numbers and a property to search for;
- two natural numbers and two properties to search for;
- separate the parameters with one space;
- enter 0 to exit.

Enter a request:> 1 10 palindromic buzz

               7 is buzz, palindromic, spy, odd
              77 is buzz, palindromic, odd
             161 is buzz, palindromic, odd
             252 is buzz, palindromic, even
             343 is buzz, palindromic, odd
             434 is buzz, palindromic, even
             525 is buzz, palindromic, odd
             595 is buzz, palindromic, odd
             616 is buzz, palindromic, even
             686 is buzz, palindromic, even

Enter a request:> 0

?[1;31m
Start test 57?[0m
Welcome to Amazing Numbers!

Supported requests:
- enter a natural number to know its properties; 
- enter two natural numbers to obtain the properties of the list:
  * the first parameter represents a starting number;
  * the second parameter shows how many consecutive numbers are to be printed;
- two natural numbers and a property to search for;
- two natural numbers and two properties to search for;
- separate the parameters with one space;
- enter 0 to exit.

Enter a request:> 1 9 even palindromic

               2 is palindromic, spy, even
               4 is palindromic, spy, square, even
               6 is palindromic, spy, even
               8 is palindromic, spy, sunny, even
              22 is palindromic, spy, even
              44 is palindromic, even
              66 is palindromic, even
              88 is palindromic, even
             202 is duck, palindromic, even

Enter a request:> 0

?[1;31m
Start test 58?[0m
Welcome to Amazing Numbers!

Supported requests:
- enter a natural number to know its properties; 
- enter two natural numbers to obtain the properties of the list:
  * the first parameter represents a starting number;
  * the second parameter shows how many consecutive numbers are to be printed;
- two natural numbers and a property to search for;
- two natural numbers and two properties to search for;
- separate the parameters with one space;
- enter 0 to exit.

Enter a request:> 1 10 even sunny

               8 is palindromic, spy, sunny, even
              24 is sunny, even
              48 is sunny, even
              80 is duck, sunny, even
             120 is duck, gapful, sunny, even
             168 is buzz, sunny, even
             224 is buzz, sunny, even
             288 is sunny, even
             360 is duck, gapful, sunny, even
             440 is duck, gapful, sunny, even

Enter a request:> 0

?[1;31m
Start test 59?[0m
Welcome to Amazing Numbers!

Supported requests:
- enter a natural number to know its properties; 
- enter two natural numbers to obtain the properties of the list:
  * the first parameter represents a starting number;
  * the second parameter shows how many consecutive numbers are to be printed;
- two natural numbers and a property to search for;
- two natural numbers and two properties to search for;
- separate the parameters with one space;
- enter 0 to exit.

Enter a request:> 100000 2 buzz gapful

         100,016 is buzz, duck, gapful, even
         100,030 is buzz, duck, gapful, even

Enter a request:> 0

?[1;31m
Start test 60?[0m
Welcome to Amazing Numbers!

Supported requests:
- enter a natural number to know its properties; 
- enter two natural numbers to obtain the properties of the list:
  * the first parameter represents a starting number;
  * the second parameter shows how many consecutive numbers are to be printed;
- two natural numbers and a property to search for;
- two natural numbers and two properties to search for;
- separate the parameters with one space;
- enter 0 to exit.

Enter a request:> 100 4 odd spy

             123 is spy, odd
             213 is spy, odd
             231 is buzz, gapful, spy, odd
             321 is spy, odd

Enter a request:> 0

?[1;31m
Start test 61?[0m
Welcome to Amazing Numbers!

Supported requests:
- enter a natural number to know its properties; 
- enter two natural numbers to obtain the properties of the list:
  * the first parameter represents a starting number;
  * the second parameter shows how many consecutive numbers are to be printed;
- two natural numbers and a property to search for;
- two natural numbers and two properties to search for;
- separate the parameters with one space;
- enter 0 to exit.

Enter a request:> 2000 4 palindromic duck

           2,002 is buzz, duck, palindromic, gapful, even
           3,003 is buzz, duck, palindromic, gapful, odd
           4,004 is buzz, duck, palindromic, gapful, even
           5,005 is buzz, duck, palindromic, gapful, odd

Enter a request:> 0

?[1;31m
Start test 62?[0m
Welcome to Amazing Numbers!

Supported requests:
- enter a natural number to know its properties; 
- enter two natural numbers to obtain the properties of the list:
  * the first parameter represents a starting number;
  * the second parameter shows how many consecutive numbers are to be printed;
- two natural numbers and a property to search for;
- two natural numbers and two properties to search for;
- separate the parameters with one space;
- enter 0 to exit.

Enter a request:> 1 7 even spy

               2 is palindromic, spy, even
               4 is palindromic, spy, square, even
               6 is palindromic, spy, even
               8 is palindromic, spy, sunny, even
              22 is palindromic, spy, even
             132 is gapful, spy, even
             312 is spy, even

Enter a request:> 0

?[1;31m
Start test 63?[0m
Welcome to Amazing Numbers!

Supported requests:
- enter a natural number to know its properties; 
- enter two natural numbers to obtain the properties of the list:
  * the first parameter represents a starting number;
  * the second parameter shows how many consecutive numbers are to be printed;
- two natural numbers and a property to search for;
- two natural numbers and two properties to search for;
- separate the parameters with one space;
- enter 0 to exit.

Enter a request:> 1 10 odd buzz

               7 is buzz, palindromic, spy, odd
              17 is buzz, odd
              21 is buzz, odd
              27 is buzz, odd
              35 is buzz, sunny, odd
              37 is buzz, odd
              47 is buzz, odd
              49 is buzz, square, odd
              57 is buzz, odd
              63 is buzz, sunny, odd

Enter a request:> 0

?[1;31m
Start test 64?[0m
Welcome to Amazing Numbers!

Supported requests:
- enter a natural number to know its properties; 
- enter two natural numbers to obtain the properties of the list:
  * the first parameter represents a starting number;
  * the second parameter shows how many consecutive numbers are to be printed;
- two natural numbers and a property to search for;
- two natural numbers and two properties to search for;
- separate the parameters with one space;
- enter 0 to exit.

Enter a request:> 1 9 buzz gapful

             105 is buzz, duck, gapful, odd
             140 is buzz, duck, gapful, even
             154 is buzz, gapful, even
             187 is buzz, gapful, odd
             231 is buzz, gapful, spy, odd
             280 is buzz, duck, gapful, even
             297 is buzz, gapful, odd
             315 is buzz, gapful, odd
             385 is buzz, gapful, odd

Enter a request:> 0

?[1;31m
Start test 65?[0m
Welcome to Amazing Numbers!

Supported requests:
- enter a natural number to know its properties; 
- enter two natural numbers to obtain the properties of the list:
  * the first parameter represents a starting number;
  * the second parameter shows how many consecutive numbers are to be printed;
- two natural numbers and a property to search for;
- two natural numbers and two properties to search for;
- separate the parameters with one space;
- enter 0 to exit.

Enter a request:> 1 10 spy buzz

               7 is buzz, palindromic, spy, odd
             231 is buzz, gapful, spy, odd
           1,421 is buzz, spy, odd
           2,114 is buzz, spy, even
          15,211 is buzz, spy, odd
          21,511 is buzz, spy, odd
          22,211 is buzz, spy, odd
          31,311 is buzz, spy, odd
          51,121 is buzz, spy, odd
         111,216 is buzz, gapful, spy, even

Enter a request:> 0

?[1;31m
Start test 66?[0m
Welcome to Amazing Numbers!

Supported requests:
- enter a natural number to know its properties; 
- enter two natural numbers to obtain the properties of the list:
  * the first parameter represents a starting number;
  * the second parameter shows how many consecutive numbers are to be printed;
- two natural numbers and a property to search for;
- two natural numbers and two properties to search for;
- separate the parameters with one space;
- enter 0 to exit.

Enter a request:> 100000 2 even spy

         111,126 is spy, even
         111,162 is spy, even

Enter a request:> 0

?[1;31m
Start test 67?[0m
Welcome to Amazing Numbers!

Supported requests:
- enter a natural number to know its properties; 
- enter two natural numbers to obtain the properties of the list:
  * the first parameter represents a starting number;
  * the second parameter shows how many consecutive numbers are to be printed;
- two natural numbers and a property to search for;
- two natural numbers and two properties to search for;
- separate the parameters with one space;
- enter 0 to exit.

Enter a request:> 100 4 odd gapful

             105 is buzz, duck, gapful, odd
             121 is palindromic, gapful, square, odd
             135 is gapful, odd
             143 is gapful, sunny, odd

Enter a request:> 0

?[1;31m
Start test 68?[0m
Welcome to Amazing Numbers!

Supported requests:
- enter a natural number to know its properties; 
- enter two natural numbers to obtain the properties of the list:
  * the first parameter represents a starting number;
  * the second parameter shows how many consecutive numbers are to be printed;
- two natural numbers and a property to search for;
- two natural numbers and two properties to search for;
- separate the parameters with one space;
- enter 0 to exit.

Enter a request:> 2000 4 palindromic duck

           2,002 is buzz, duck, palindromic, gapful, even
           3,003 is buzz, duck, palindromic, gapful, odd
           4,004 is buzz, duck, palindromic, gapful, even
           5,005 is buzz, duck, palindromic, gapful, odd

Enter a request:> 0

?[1;31m
Start test 69?[0m
Welcome to Amazing Numbers!

Supported requests:
- enter a natural number to know its properties; 
- enter two natural numbers to obtain the properties of the list:
  * the first parameter represents a starting number;
  * the second parameter shows how many consecutive numbers are to be printed;
- two natural numbers and a property to search for;
- two natural numbers and two properties to search for;
- separate the parameters with one space;
- enter 0 to exit.

Enter a request:> 16263 20 DUCK drake

The property [DRAKE] is wrong.
Available properties: [EVEN, ODD, BUZZ, DUCK, PALINDROMIC, GAPFUL, SPY, SQUARE, SUNNY]

Enter a request:> 0

?[1;31m
Start test 70?[0m
Welcome to Amazing Numbers!

Supported requests:
- enter a natural number to know its properties; 
- enter two natural numbers to obtain the properties of the list:
  * the first parameter represents a starting number;
  * the second parameter shows how many consecutive numbers are to be printed;
- two natural numbers and a property to search for;
- two natural numbers and two properties to search for;
- separate the parameters with one space;
- enter 0 to exit.

Enter a request:> 23660 14 drake

The property [DRAKE] is wrong.
Available properties: [EVEN, ODD, BUZZ, DUCK, PALINDROMIC, GAPFUL, SPY, SQUARE, SUNNY]

Enter a request:> 0

?[1;31m
Start test 71?[0m
Welcome to Amazing Numbers!

Supported requests:
- enter a natural number to know its properties; 
- enter two natural numbers to obtain the properties of the list:
  * the first parameter represents a starting number;
  * the second parameter shows how many consecutive numbers are to be printed;
- two natural numbers and a property to search for;
- two natural numbers and two properties to search for;
- separate the parameters with one space;
- enter 0 to exit.

Enter a request:> 30228 4 &hj

The property [&HJ] is wrong.
Available properties: [EVEN, ODD, BUZZ, DUCK, PALINDROMIC, GAPFUL, SPY, SQUARE, SUNNY]

Enter a request:> 0

?[1;31m
Start test 72?[0m
Welcome to Amazing Numbers!

Supported requests:
- enter a natural number to know its properties; 
- enter two natural numbers to obtain the properties of the list:
  * the first parameter represents a starting number;
  * the second parameter shows how many consecutive numbers are to be printed;
- two natural numbers and a property to search for;
- two natural numbers and two properties to search for;
- separate the parameters with one space;
- enter 0 to exit.

Enter a request:> 225 18 simple

The property [SIMPLE] is wrong.
Available properties: [EVEN, ODD, BUZZ, DUCK, PALINDROMIC, GAPFUL, SPY, SQUARE, SUNNY]

Enter a request:> 0

?[1;31m
Start test 73?[0m
Welcome to Amazing Numbers!

Supported requests:
- enter a natural number to know its properties; 
- enter two natural numbers to obtain the properties of the list:
  * the first parameter represents a starting number;
  * the second parameter shows how many consecutive numbers are to be printed;
- two natural numbers and a property to search for;
- two natural numbers and two properties to search for;
- separate the parameters with one space;
- enter 0 to exit.

Enter a request:> 2181 5 _odd_

The property [_ODD_] is wrong.
Available properties: [EVEN, ODD, BUZZ, DUCK, PALINDROMIC, GAPFUL, SPY, SQUARE, SUNNY]

Enter a request:> 0

?[1;31m
Start test 74?[0m
Welcome to Amazing Numbers!

Supported requests:
- enter a natural number to know its properties; 
- enter two natural numbers to obtain the properties of the list:
  * the first parameter represents a starting number;
  * the second parameter shows how many consecutive numbers are to be printed;
- two natural numbers and a property to search for;
- two natural numbers and two properties to search for;
- separate the parameters with one space;
- enter 0 to exit.

Enter a request:> 19711 17 DUCK ~~

The property [~~] is wrong.
Available properties: [EVEN, ODD, BUZZ, DUCK, PALINDROMIC, GAPFUL, SPY, SQUARE, SUNNY]

Enter a request:> 0

?[1;31m
Start test 75?[0m
Welcome to Amazing Numbers!

Supported requests:
- enter a natural number to know its properties; 
- enter two natural numbers to obtain the properties of the list:
  * the first parameter represents a starting number;
  * the second parameter shows how many consecutive numbers are to be printed;
- two natural numbers and a property to search for;
- two natural numbers and two properties to search for;
- separate the parameters with one space;
- enter 0 to exit.

Enter a request:> 10427 19 ~~

The property [~~] is wrong.
Available properties: [EVEN, ODD, BUZZ, DUCK, PALINDROMIC, GAPFUL, SPY, SQUARE, SUNNY]

Enter a request:> 0

?[1;31m
Start test 76?[0m
Welcome to Amazing Numbers!

Supported requests:
- enter a natural number to know its properties; 
- enter two natural numbers to obtain the properties of the list:
  * the first parameter represents a starting number;
  * the second parameter shows how many consecutive numbers are to be printed;
- two natural numbers and a property to search for;
- two natural numbers and two properties to search for;
- separate the parameters with one space;
- enter 0 to exit.

Enter a request:> 15790 2 _odd_

The property [_ODD_] is wrong.
Available properties: [EVEN, ODD, BUZZ, DUCK, PALINDROMIC, GAPFUL, SPY, SQUARE, SUNNY]

Enter a request:> 0

?[1;31m
Start test 77?[0m
Welcome to Amazing Numbers!

Supported requests:
- enter a natural number to know its properties; 
- enter two natural numbers to obtain the properties of the list:
  * the first parameter represents a starting number;
  * the second parameter shows how many consecutive numbers are to be printed;
- two natural numbers and a property to search for;
- two natural numbers and two properties to search for;
- separate the parameters with one space;
- enter 0 to exit.

Enter a request:> 23730 5 simple

The property [SIMPLE] is wrong.
Available properties: [EVEN, ODD, BUZZ, DUCK, PALINDROMIC, GAPFUL, SPY, SQUARE, SUNNY]

Enter a request:> 0

?[1;31m
Start test 78?[0m
Welcome to Amazing Numbers!

Supported requests:
- enter a natural number to know its properties; 
- enter two natural numbers to obtain the properties of the list:
  * the first parameter represents a starting number;
  * the second parameter shows how many consecutive numbers are to be printed;
- two natural numbers and a property to search for;
- two natural numbers and two properties to search for;
- separate the parameters with one space;
- enter 0 to exit.

Enter a request:> 18264 12 GAPFUL Boy

The property [BOY] is wrong.
Available properties: [EVEN, ODD, BUZZ, DUCK, PALINDROMIC, GAPFUL, SPY, SQUARE, SUNNY]

Enter a request:> 0

?[1;31m
Start test 79?[0m
Welcome to Amazing Numbers!

Supported requests:
- enter a natural number to know its properties; 
- enter two natural numbers to obtain the properties of the list:
  * the first parameter represents a starting number;
  * the second parameter shows how many consecutive numbers are to be printed;
- two natural numbers and a property to search for;
- two natural numbers and two properties to search for;
- separate the parameters with one space;
- enter 0 to exit.

Enter a request:> 5 1 odd even

The request contains mutually exclusive properties: [ODD EVEN]
There are no numbers with these properties.

Enter a request:> 0

?[1;31m
Start test 80?[0m
Welcome to Amazing Numbers!

Supported requests:
- enter a natural number to know its properties; 
- enter two natural numbers to obtain the properties of the list:
  * the first parameter represents a starting number;
  * the second parameter shows how many consecutive numbers are to be printed;
- two natural numbers and a property to search for;
- two natural numbers and two properties to search for;
- separate the parameters with one space;
- enter 0 to exit.

Enter a request:> 4 3 even odd

The request contains mutually exclusive properties: [EVEN ODD]
There are no numbers with these properties.

Enter a request:> 0

?[1;31m
Start test 81?[0m
Welcome to Amazing Numbers!

Supported requests:
- enter a natural number to know its properties; 
- enter two natural numbers to obtain the properties of the list:
  * the first parameter represents a starting number;
  * the second parameter shows how many consecutive numbers are to be printed;
- two natural numbers and a property to search for;
- two natural numbers and two properties to search for;
- separate the parameters with one space;
- enter 0 to exit.

Enter a request:> 32 2 sunny square

The request contains mutually exclusive properties: [SUNNY SQUARE]
There are no numbers with these properties.

Enter a request:> 0

?[1;31m
Start test 82?[0m
Welcome to Amazing Numbers!

Supported requests:
- enter a natural number to know its properties; 
- enter two natural numbers to obtain the properties of the list:
  * the first parameter represents a starting number;
  * the second parameter shows how many consecutive numbers are to be printed;
- two natural numbers and a property to search for;
- two natural numbers and two properties to search for;
- separate the parameters with one space;
- enter 0 to exit.

Enter a request:> 2341 4 square sunny

The request contains mutually exclusive properties: [SQUARE SUNNY]
There are no numbers with these properties.

Enter a request:> 0

?[1;31m
Start test 83?[0m
Welcome to Amazing Numbers!

Supported requests:
- enter a natural number to know its properties; 
- enter two natural numbers to obtain the properties of the list:
  * the first parameter represents a starting number;
  * the second parameter shows how many consecutive numbers are to be printed;
- two natural numbers and a property to search for;
- two natural numbers and two properties to search for;
- separate the parameters with one space;
- enter 0 to exit.

Enter a request:> 3153 2 spy duck

The request contains mutually exclusive properties: [SPY DUCK]
There are no numbers with these properties.

Enter a request:> 0

?[1;31m
Start test 84?[0m
Welcome to Amazing Numbers!

Supported requests:
- enter a natural number to know its properties; 
- enter two natural numbers to obtain the properties of the list:
  * the first parameter represents a starting number;
  * the second parameter shows how many consecutive numbers are to be printed;
- two natural numbers and a property to search for;
- two natural numbers and two properties to search for;
- separate the parameters with one space;
- enter 0 to exit.

Enter a request:> 6 7 duck spy

The request contains mutually exclusive properties: [DUCK SPY]
There are no numbers with these properties.

Enter a request:> 0

]]></system-out>
  <system-err><![CDATA[]]></system-err>
</testsuite>
